Time resolution is 1 ps
 Block Memory Generator module loading initial data...
 Block Memory Generator data initialization complete.
Block Memory Generator module tb_AES.uut.keySchedule.inst.\native_mem_module.blk_mem_gen_v8_4_7_inst  is using a behavioral model for simulation which will not precisely model memory collision behavior.
 Block Memory Generator module loading initial data...
 Block Memory Generator data initialization complete.
Block Memory Generator module tb_AES.uut.tableT0_0.inst.\native_mem_module.blk_mem_gen_v8_4_7_inst  is using a behavioral model for simulation which will not precisely model memory collision behavior.
 Block Memory Generator module loading initial data...
 Block Memory Generator data initialization complete.
Block Memory Generator module tb_AES.uut.tableT0_1.inst.\native_mem_module.blk_mem_gen_v8_4_7_inst  is using a behavioral model for simulation which will not precisely model memory collision behavior.
 Block Memory Generator module loading initial data...
 Block Memory Generator data initialization complete.
Block Memory Generator module tb_AES.uut.tableT1_0.inst.\native_mem_module.blk_mem_gen_v8_4_7_inst  is using a behavioral model for simulation which will not precisely model memory collision behavior.
 Block Memory Generator module loading initial data...
 Block Memory Generator data initialization complete.
Block Memory Generator module tb_AES.uut.tableT1_1.inst.\native_mem_module.blk_mem_gen_v8_4_7_inst  is using a behavioral model for simulation which will not precisely model memory collision behavior.
 Block Memory Generator module loading initial data...
 Block Memory Generator data initialization complete.
Block Memory Generator module tb_AES.uut.tableT2_0.inst.\native_mem_module.blk_mem_gen_v8_4_7_inst  is using a behavioral model for simulation which will not precisely model memory collision behavior.
 Block Memory Generator module loading initial data...
 Block Memory Generator data initialization complete.
Block Memory Generator module tb_AES.uut.tableT2_1.inst.\native_mem_module.blk_mem_gen_v8_4_7_inst  is using a behavioral model for simulation which will not precisely model memory collision behavior.
 Block Memory Generator module loading initial data...
 Block Memory Generator data initialization complete.
Block Memory Generator module tb_AES.uut.tableT3_0.inst.\native_mem_module.blk_mem_gen_v8_4_7_inst  is using a behavioral model for simulation which will not precisely model memory collision behavior.
 Block Memory Generator module loading initial data...
 Block Memory Generator data initialization complete.
Block Memory Generator module tb_AES.uut.tableT3_1.inst.\native_mem_module.blk_mem_gen_v8_4_7_inst  is using a behavioral model for simulation which will not precisely model memory collision behavior.
Key 000102030405060708090a0b0c0d0e0f
KeyCounter 0000
E0: 00000000
E1: 00000000
E2: 00000000
E3: 00000000
Key d6aa74fdd2af72fadaa678f1d6ab76fe
KeyCounter 0001
A0_2: 6379e6d9
A1_2: f467fb76
A2_2: ad063cf4
A3_2: d2eb8aa3
E0_2: 00112233
E1_2: 44556677
E2_2: 8899aabb
E3_2: ccddeeff
Key b692cf0b643dbdf1be9bc5006830b3fe
KeyCounter 0010
A0_2: c57fdf0f
A1_2: 48d1363e
A2_2: c152ce8a
A3_2: 99a77c1a
E0_2: b5d39224
E1_2: 26c8898c
E2_2: 77a04405
E3_2: 0440fc5d
Key b6ff744ed2c2c9bf6c590cbf0469bf41
KeyCounter 0011
A0_2: 0e1cacbd
A1_2: e6a7ae3b
A2_2: 7c165020
A3_2: e5320c6c
E0_2: 73ed1004
E1_2: 2cec8bcf
E2_2: 7fc90b8a
E3_2: f197cfe4
Key 47f7f7bc95353e03f96c32bcfd058dfd
KeyCounter 0100
A0_2: 9df0c618
A1_2: c7b151db
A2_2: fa44d0a3
A3_2: 86958e2a
E0_2: b8e3d8f3
E1_2: 34656784
E2_2: 104f5c9f
E3_2: e15bb32d
Key 3caaa3e8a99f9deb50f3af57adf622aa
KeyCounter 0101
A0_2: d9543122
A1_2: 6eac19dd
A2_2: f0882de8
A3_2: 7e93f495
E0_2: da0731a4
E1_2: 52846fd8
E2_2: 0328e21f
E3_2: 7b9003d7
Key 5e390f7df7a69296a7553dc10aa31f6b
KeyCounter 0110
A0_2: 9104a34a
A1_2: 76f18c6e
A2_2: 46ae3c33
A3_2: 4de27b5e
E0_2: e5fe92ca
E1_2: c7338436
E2_2: a07b82bf
E3_2: d365d63f
Key 14f9701ae35fe28c440adf4d4ea9c026
KeyCounter 0111
A0_2: 082e8895
A1_2: d04d3077
A2_2: a50c8183
A3_2: c9f1e3a7
E0_2: cf3dac37
E1_2: 815