srcscan starts
=============== Using precompiled files for SV std libs ===========
INFO: The Verilog library search path for library "std" is now "C:/Xilinx/Vivado/2023.2/data/precomp_hsv/sv/std" (VERI-1509)
INFO: The Verilog library search path for library "uvm" is now "C:/Xilinx/Vivado/2023.2/data/precomp_hsv/sv/uvm" (VERI-1509)
INFO: analyzing module maddsub_direct (VERI-9002)
INFO: analyzing module maddsub_piped_2 (VERI-9002)
INFO: analyzing module tb_maddsub_direct (VERI-9002)
C:/Users/coe_user/Documents/ECE574_Local/homework/hw3/assignment3.srcs/sim_1/new/tb_maddsub_direct.sv(73): WARNING: literal value 'hFFFFFFFF truncated to fit in 8 bits (VERI-1208)
C:/Users/coe_user/Documents/ECE574_Local/homework/hw3/assignment3.srcs/sim_1/new/tb_maddsub_direct.sv(74): WARNING: literal value 'hFF2F657F truncated to fit in 8 bits (VERI-1208)
C:/Users/coe_user/Documents/ECE574_Local/homework/hw3/assignment3.srcs/sim_1/new/tb_maddsub_direct.sv(75): WARNING: literal value 'hFFFFFFFA truncated to fit in 8 bits (VERI-1208)
C:/Users/coe_user/Documents/ECE574_Local/homework/hw3/assignment3.srcs/sim_1/new/tb_maddsub_direct.sv(100): WARNING: literal value 'hFFFFFFFF truncated to fit in 8 bits (VERI-1208)
C:/Users/coe_user/Documents/ECE574_Local/homework/hw3/assignment3.srcs/sim_1/new/tb_maddsub_direct.sv(101): WARNING: literal value 'hFF2F657F truncated to fit in 8 bits (VERI-1208)
C:/Users/coe_user/Documents/ECE574_Local/homework/hw3/assignment3.srcs/sim_1/new/tb_maddsub_direct.sv(102): WARNING: literal value 'hFFFFFFFF truncated to fit in 8 bits (VERI-1208)
INFO: analyzing module tb_maddsub_piped_2 (VERI-9002)
C:/Users/coe_user/Documents/ECE574_Local/homework/hw3/assignment3.srcs/sim_1/new/tb_maddsub_piped_2.sv(83): WARNING: literal value 'hFFFFFFFF truncated to fit in 8 bits (VERI-1208)
C:/Users/coe_user/Documents/ECE574_Local/homework/hw3/assignment3.srcs/sim_1/new/tb_maddsub_piped_2.sv(84): WARNING: literal value 'hFF2F657F truncated to fit in 8 bits (VERI-1208)
C:/Users/coe_user/Documents/ECE574_Local/homework/hw3/assignment3.srcs/sim_1/new/tb_maddsub_piped_2.sv(85): WARNING: literal value 'hFFFFFFFA truncated to fit in 8 bits (VERI-1208)
C:/Users/coe_user/Documents/ECE574_Local/homework/hw3/assignment3.srcs/sim_1/new/tb_maddsub_piped_2.sv(110): WARNING: literal value 'hFFFFFFFF truncated to fit in 8 bits (VERI-1208)
C:/Users/coe_user/Documents/ECE574_Local/homework/hw3/assignment3.srcs/sim_1/new/tb_maddsub_piped_2.sv(111): WARNING: literal value 'hFF2F657F truncated to fit in 8 bits (VERI-1208)
C:/Users/coe_user/Documents/ECE574_Local/homework/hw3/assignment3.srcs/sim_1/new/tb_maddsub_piped_2.sv(112): WARNING: literal value 'hFFFFFFFF truncated to fit in 8 bits (VERI-1208)
Listing tops:
VeriTop library:xil_defaultlib mod:tb_maddsub_direct
VeriTop library:xil_defaultlib mod:tb_maddsub_piped_2
END of tops
C:/Users/coe_user/Documents/ECE574_Local/homework/hw3/assignment3.srcs/sim_1/new/tb_maddsub_direct.sv(23): INFO: compiling module 'tb_maddsub_direct_default' (VERI-1018)
C:/Users/coe_user/Documents/ECE574_Local/homework/hw3/assignment3.srcs/sources_1/new/maddsub_direct.sv(51): WARNING: Module <dsp_addsub> not found while processing module instance <dsp1> (VERI-1063)
C:/Users/coe_user/Documents/ECE574_Local/homework/hw3/assignment3.srcs/sim_1/new/tb_maddsub_piped_2.sv(23): INFO: compiling module 'tb_maddsub_piped_2_default' (VERI-1018)
C:/Users/coe_user/Documents/ECE574_Local/homework/hw3/assignment3.srcs/sources_1/new/maddsub_piped_2.sv(50): WARNING: Module <dsp_addsub_piped_2> not found while processing module instance <dsp1> (VERI-1063)
C:/Users/coe_user/Documents/ECE574_Local/homework/hw3/assignment3.srcs/sim_1/new/tb_maddsub_piped_2.sv(42): ERROR: cannot find port 'mux' on this module (VERI-1010)
C:/Users/coe_user/Documents/ECE574_Local/homework/hw3/assignment3.srcs/sources_1/new/maddsub_piped_2.sv(25): INFO: 'maddsub_piped_2' is declared here (VERI-9035)
srcscan exits with return value 0
