Time resolution is 1 ps
IDLE STATE at time                    0
IDLE STATE at time                40000
CHECK STATE at time                45000
CHECK STATE at time                50000
SHIFT STATE at time                55000
CHECK STATE at time                65000
ADD STATE at time                75000
SHIFT STATE at time                85000
CHECK STATE at time                95000
SHIFT STATE at time               105000
CHECK STATE at time               115000
ADD STATE at time               125000
SHIFT STATE at time               135000
CHECK STATE at time               145000
SHIFT STATE at time               155000
CHECK STATE at time               165000
SHIFT STATE at time               175000
CHECK STATE at time               185000
SHIFT STATE at time               195000
CHECK STATE at time               205000
SHIFT STATE at time               215000
CHECK STATE at time               225000
SHIFT STATE at time               235000
CHECK STATE at time               245000
SHIFT STATE at time               255000
CHECK STATE at time               265000
SHIFT STATE at time               275000
CHECK STATE at time               285000
SHIFT STATE at time               295000
CHECK STATE at time               305000
SHIFT STATE at time               315000
CHECK STATE at time               325000
SHIFT STATE at time               335000
CHECK STATE at time               345000
SHIFT STATE at time               355000
CHECK STATE at time               365000
SHIFT STATE at time               375000
CHECK STATE at time               385000
SHIFT STATE at time               395000
CHECK STATE at time               405000
SHIFT STATE at time               415000
CHECK STATE at time               425000
SHIFT STATE at time               435000
CHECK STATE at time               445000
SHIFT STATE at time               455000
CHECK STATE at time               465000
SHIFT STATE at time               475000
CHECK STATE at time               485000
SHIFT STATE at time               495000
CHECK STATE at time               505000
SHIFT STATE at time               515000
CHECK STATE at time               525000
SHIFT STATE at time               535000
CHECK STATE at time               545000
SHIFT STATE at time               555000
CHECK STATE at time               565000
SHIFT STATE at time               575000
CHECK STATE at time               585000
SHIFT STATE at time               595000
CHECK STATE at time               605000
SHIFT STATE at time               615000
CHECK STATE at time               625000
SHIFT STATE at time               635000
CHECK STATE at time               645000
SHIFT STATE at time               655000
CHECK STATE at time               665000
SHIFT STATE at time               675000
CHECK STATE at time               685000
SHIFT STATE at time               695000
CHECK STATE at time               705000
a:         15, b:         10, product:                  300
IDLE STATE at time               715000
IDLE STATE at time               725000
$finish called at time : 745 ns : File "C:/Users/coe_user/Documents/ECE574_Local/homework/hw5/assignment5.srcs/sim_1/new/tb_multiplier_32.sv" Line 78
