
*** Running vivado
    with args -log mult_32.vds -m64 -product Vivado -mode batch -messageDb vivado.pb -notrace -source mult_32.tcl


ECHO is off.
ECHO is off.

****** Vivado v2023.2 (64-bit)
  **** SW Build 4029153 on Fri Oct 13 20:14:34 MDT 2023
  **** IP Build 4028589 on Sat Oct 14 00:45:43 MDT 2023
  **** SharedData Build 4025554 on Tue Oct 10 17:18:54 MDT 2023
    ** Copyright 1986-2022 Xilinx, Inc. All Rights Reserved.
    ** Copyright 2022-2023 Advanced Micro Devices, Inc. All Rights Reserved.

source mult_32.tcl -notrace
create_project: Time (s): cpu = 00:00:04 ; elapsed = 00:00:10 . Memory (MB): peak = 473.098 ; gain = 179.547
INFO: [IP_Flow 19-6924] IPCACHE: Running cache check for IP inst: mult_32
Command: synth_design -top mult_32 -part xc7a100tcsg324-1 -incremental_mode off -mode out_of_context
Starting synth_design
Attempting to get a license for feature 'Synthesis' and/or device 'xc7a100t'
INFO: [Common 17-349] Got license for feature 'Synthesis' and/or device 'xc7a100t'
INFO: [Designutils 20-5008] Incremental synthesis strategy off
INFO: [Synth 8-7079] Multithreading enabled for synth_design using a maximum of 2 processes.
INFO: [Synth 8-7078] Launching helper process for spawning children vivado processes
INFO: [Synth 8-7075] Helper process launched with PID 12032
---------------------------------------------------------------------------------
Starting Synthesize : Time (s): cpu = 00:00:07 ; elapsed = 00:00:10 . Memory (MB): peak = 933.953 ; gain = 441.035
---------------------------------------------------------------------------------
INFO: [Synth 8-638] synthesizing module 'mult_32' [c:/Users/coe_user/Documents/ECE574_Local/homework/hw5/assignment5.gen/sources_1/ip/mult_32/synth/mult_32.vhd:67]
WARNING: [Synth 8-5640] Port 'zero_detect' is missing in component declaration [c:/Users/coe_user/Documents/ECE574_Local/homework/hw5/assignment5.gen/sources_1/ip/mult_32/synth/mult_32.vhd:70]
WARNING: [Synth 8-5640] Port 'pcasc' is missing in component declaration [c:/Users/coe_user/Documents/ECE574_Local/homework/hw5/assignment5.gen/sources_1/ip/mult_32/synth/mult_32.vhd:70]
WARNING: [Synth 8-5640] Port 'pcasc_ext' is missing in component declaration [c:/Users/coe_user/Documents/ECE574_Local/homework/hw5/assignment5.gen/sources_1/ip/mult_32/synth/mult_32.vhd:70]
	Parameter C_VERBOSITY bound to: 0 - type: integer 
	Parameter C_MODEL_TYPE bound to: 0 - type: integer 
	Parameter C_OPTIMIZE_GOAL bound to: 1 - type: integer 
	Parameter C_XDEVICEFAMILY bound to: artix7 - type: string 
	Parameter C_HAS_CE bound to: 0 - type: integer 
	Parameter C_HAS_SCLR bound to: 0 - type: integer 
	Parameter C_LATENCY bound to: 0 - type: integer 
	Parameter C_A_WIDTH bound to: 32 - type: integer 
	Parameter C_A_TYPE bound to: 0 - type: integer 
	Parameter C_B_WIDTH bound to: 32 - type: integer 
	Parameter C_B_TYPE bound to: 0 - type: integer 
	Parameter C_OUT_HIGH bound to: 63 - type: integer 
	Parameter C_OUT_LOW bound to: 0 - type: integer 
	Parameter C_MULT_TYPE bound to: 1 - type: integer 
	Parameter C_CE_OVERRIDES_SCLR bound to: 0 - type: integer 
	Parameter C_CCM_IMP bound to: 0 - type: integer 
	Parameter C_B_VALUE bound to: 10000001 - type: string 
	Parameter C_HAS_ZERO_DETECT bound to: 0 - type: integer 
	Parameter C_ROUND_OUTPUT bound to: 0 - type: integer 
	Parameter C_ROUND_PT bound to: 0 - type: integer 
INFO: [Synth 8-3491] module 'mult_gen_v12_0_19' declared at 'c:/Users/coe_user/Documents/ECE574_Local/homework/hw5/assignment5.gen/sources_1/ip/mult_32/hdl/mult_gen_v12_0_vh_rfs.vhd:21510' bound to instance 'U0' of component 'mult_gen_v12_0_19' [c:/Users/coe_user/Documents/ECE574_Local/homework/hw5/assignment5.gen/sources_1/ip/mult_32/synth/mult_32.vhd:117]
INFO: [Synth 8-256] done synthesizing module 'mult_32' (0#1) [c:/Users/coe_user/Documents/ECE574_Local/homework/hw5/assignment5.gen/sources_1/ip/mult_32/synth/mult_32.vhd:67]
WARNING: [Synth 8-7129] Port CLK in module delay_line__parameterized3 is either unconnected or has no load
WARNING: [Synth 8-7129] Port CE in module delay_line__parameterized3 is either unconnected or has no load
WARNING: [Synth 8-7129] Port SCLR in module delay_line__parameterized3 is either unconnected or has no load
WARNING: [Synth 8-7129] Port CLK in module delay_line__parameterized2 is either unconnected or has no load
WARNING: [Synth 8-7129] Port CE in module delay_line__parameterized2 is either unconnected or has no load
WARNING: [Synth 8-7129] Port SCLR in module delay_line__parameterized2 is either unconnected or has no load
WARNING: [Synth 8-7129] Port CLK in module delay_line__parameterized1 is either unconnected or has no load
WARNING: [Synth 8-7129] Port CE in module delay_line__parameterized1 is either unconnected or has no load
WARNING: [Synth 8-7129] Port SCLR in module delay_line__parameterized1 is either unconnected or has no load
WARNING: [Synth 8-7129] Port CLK in module delay_line__parameterized0 is either unconnected or has no load
WARNING: [Synth 8-7129] Port CE in module delay_line__parameterized0 is either unconnected or has no load
WARNING: [Synth 8-7129] Port SCLR in module delay_line__parameterized0 is either unconnected or has no load
WARNING: [Synth 8-7129] Port CLK in module delay_line is either unconnected or has no load
WARNING: [Synth 8-7129] Port CE in module delay_line is either unconnected or has no load
WARNING: [Synth 8-7129] Port SCLR in module delay_line is either unconnected or has no load
WARNING: [Synth 8-7129] Port D_PORT[24] in module dsp is either unconnected or has no load
WARNING: [Synth 8-7129] Port D_PORT[23] in module dsp is either unconnected or has no load
WARNING: [Synth 8-7129] Port D_PORT[22] in module dsp is either unconnected or has no load
WARNING: [Synth 8-7129] Port D_PORT[21] in module dsp is either unconnected or has no load
WARNING: [Synth 8-7129] Port D_PORT[20] in module dsp is either unconnected or has no load
WARNING: [Synth 8-7129] Port D_PORT[19] in module dsp is either unconnected or has no load
WARNING: [Synth 8-7129] Port D_PORT[18] in module dsp is either unconnected or has no load
WARNING: [Synth 8-7129] Port D_PORT[17] in module dsp is either unconnected or has no load
WARNING: [Synth 8-7129] Port D_PORT[16] in module dsp is either unconnected or has no load
WARNING: [Synth 8-7129] Port D_PORT[15] in module dsp is either unconnected or has no load
WARNING: [Synth 8-7129] Port D_PORT[14] in module dsp is either unconnected or has no load
WARNING: [Synth 8-7129] Port D_PORT[13] in module dsp is either unconnected or has no load
WARNING: [Synth 8-7129] Port D_PORT[12] in module dsp is either unconnected or has no load
WARNING: [Synth 8-7129] Port D_PORT[11] in module dsp is either unconnected or has no load
WARNING: [Synth 8-7129] Port D_PORT[10] in module dsp is either unconnected or has no load
WARNING: [Synth 8-7129] Port D_PORT[9] in module dsp is either unconnected or has no load
WARNING: [Synth 8-7129] Port D_PORT[8] in module dsp is either unconnected or has no load
WARNING: [Synth 8-7129] Port D_PORT[7] in module dsp is either unconnected or has no load
WARNING: [Synth 8-7129] Port D_PORT[6] in module dsp is either unconnected or has no load
WARNING: [Synth 8-7129] Port D_PORT[5] in module dsp is either unconnected or has no load
WARNING: [Synth 8-7129] Port D_PORT[4] in module dsp is either unconnected or has no load
WARNING: [Synth 8-7129] Port D_PORT[3] in module dsp is either unconnected or has no load
WARNING: [Synth 8-7129] Port D_PORT[2] in module dsp is either unconnected or has no load
WARNING: [Synth 8-7129] Port D_PORT[1] in module dsp is either unconnected or has no load
WARNING: [Synth 8-7129] Port D_PORT[0] in module dsp is either unconnected or has no load
WARNING: [Synth 8-7129] Port CARRY_IN in module dsp is either unconnected or has no load
WARNING: [Synth 8-7129] Port CE in module mult_gen_v12_0_19_viv is either unconnected or has no load
WARNING: [Synth 8-7129] Port SCLR in module mult_gen_v12_0_19_viv is either unconnected or has no load
---------------------------------------------------------------------------------
Finished Synthesize : Time (s): cpu = 00:00:10 ; elapsed = 00:00:17 . Memory (MB): peak = 1094.086 ; gain = 601.168
---------------------------------------------------------------------------------
---------------------------------------------------------------------------------
Finished Constraint Validation : Time (s): cpu = 00:00:11 ; elapsed = 00:00:18 . Memory (MB): peak = 1094.086 ; gain = 601.168
---------------------------------------------------------------------------------
---------------------------------------------------------------------------------
Start Loading Part and Timing Information
---------------------------------------------------------------------------------
Loading part: xc7a100tcsg324-1
---------------------------------------------------------------------------------
INFO: [Device 21-403] Loading part xc7a100tcsg324-1
Finished Loading Part and Timing Information : Time (s): cpu = 00:00:11 ; elapsed = 00:00:18 . Memory (MB): peak = 1094.086 ; gain = 601.168
---------------------------------------------------------------------------------
---------------------------------------------------------------------------------
Finished RTL Optimization Phase 2 : Time (s): cpu = 00:00:11 ; elapsed = 00:00:18 . Memory (MB): peak = 1094.086 ; gain = 601.168
---------------------------------------------------------------------------------
No constraint files found.
---------------------------------------------------------------------------------
Start RTL Component Statistics 
---------------------------------------------------------------------------------
---------------------------------------------------------------------------------
Finished RTL Component Statistics 
---------------------------------------------------------------------------------
---------------------------------------------------------------------------------
Start Part Resource Summary
---------------------------------------------------------------------------------
Part Resources:
DSPs: 240 (col length:80)
BRAMs: 270 (col length: RAMB18 80 RAMB36 40)
---------------------------------------------------------------------------------
Finished Part Resource Summary
---------------------------------------------------------------------------------

*** Running vivado
    with args -log mult_32.vds -m64 -product Vivado -mode batch -messageDb vivado.pb -notrace -source mult_32.tcl


ECHO is off.
ECHO is off.

****** Vivado v2023.2 (64-bit)
  **** SW Build 4029153 on Fri Oct 13 20:14:34 MDT 2023
  **** IP Build 4028589 on Sat Oct 14 00:45:43 MDT 2023
  **** SharedData Build 4025554 on Tue Oct 10 17:18:54 MDT 2023
    ** Copyright 1986-2022 Xilinx, Inc. All Rights Reserved.
    ** Copyright 2022-2023 Advanced Micro Devices, Inc. All Rights Reserved.

source mult_32.tcl -notrace
create_project: Time (s): cpu = 00:00:04 ; elapsed = 00:00:09 . Memory (MB): peak = 474.402 ; gain = 179.184
INFO: [IP_Flow 19-6924] IPCACHE: Running cache check for IP inst: mult_32
Command: synth_design -top mult_32 -part xc7a100tcsg324-1 -incremental_mode off -mode out_of_context
Starting synth_design
Attempting to get a license for feature 'Synthesis' and/or device 'xc7a100t'
INFO: [Common 17-349] Got license for feature 'Synthesis' and/or device 'xc7a100t'
INFO: [Designutils 20-5008] Incremental synthesis strategy off
INFO: [Synth 8-7079] Multithreading enabled for synth_design using a maximum of 2 processes.
INFO: [Synth 8-7078] Launching helper process for spawning children vivado processes
INFO: [Synth 8-7075] Helper process launched with PID 13344
---------------------------------------------------------------------------------
Starting Synthesize : Time (s): cpu = 00:00:06 ; elapsed = 00:00:09 . Memory (MB): peak = 933.141 ; gain = 441.438
---------------------------------------------------------------------------------
INFO: [Synth 8-638] synthesizing module 'mult_32' [c:/Users/coe_user/Documents/ECE574_Local/homework/hw5/assignment5.gen/sources_1/ip/mult_32/synth/mult_32.vhd:67]
WARNING: [Synth 8-5640] Port 'zero_detect' is missing in component declaration [c:/Users/coe_user/Documents/ECE574_Local/homework/hw5/assignment5.gen/sources_1/ip/mult_32/synth/mult_32.vhd:70]
WARNING: [Synth 8-5640] Port 'pcasc' is missing in component declaration [c:/Users/coe_user/Documents/ECE574_Local/homework/hw5/assignment5.gen/sources_1/ip/mult_32/synth/mult_32.vhd:70]
WARNING: [Synth 8-5640] Port 'pcasc_ext' is missing in component declaration [c:/Users/coe_user/Documents/ECE574_Local/homework/hw5/assignment5.gen/sources_1/ip/mult_32/synth/mult_32.vhd:70]
	Parameter C_VERBOSITY bound to: 0 - type: integer 
	Parameter C_MODEL_TYPE bound to: 0 - type: integer 
	Parameter C_OPTIMIZE_GOAL bound to: 1 - type: integer 
	Parameter C_XDEVICEFAMILY bound to: artix7 - type: string 
	Parameter C_HAS_CE bound to: 0 - type: integer 
	Parameter C_HAS_SCLR bound to: 0 - type: integer 
	Parameter C_LATENCY bound to: 0 - type: integer 
	Parameter C_A_WIDTH bound to: 32 - type: integer 
	Parameter C_A_TYPE bound to: 0 - type: integer 
	Parameter C_B_WIDTH bound to: 32 - type: integer 
	Parameter C_B_TYPE bound to: 0 - type: integer 
	Parameter C_OUT_HIGH bound to: 63 - type: integer 
	Parameter C_OUT_LOW bound to: 0 - type: integer 
	Parameter C_MULT_TYPE bound to: 1 - type: integer 
	Parameter C_CE_OVERRIDES_SCLR bound to: 0 - type: integer 
	Parameter C_CCM_IMP bound to: 0 - type: integer 
	Parameter C_B_VALUE bound to: 10000001 - type: string 
	Parameter C_HAS_ZERO_DETECT bound to: 0 - type: integer 
	Parameter C_ROUND_OUTPUT bound to: 0 - type: integer 
	Parameter C_ROUND_PT bound to: 0 - type: integer 
INFO: [Synth 8-3491] module 'mult_gen_v12_0_19' declared at 'c:/Users/coe_user/Documents/ECE574_Local/homework/hw5/assignment5.gen/sources_1/ip/mult_32/hdl/mult_gen_v12_0_vh_rfs.vhd:21510' bound to instance 'U0' of component 'mult_gen_v12_0_19' [c:/Users/coe_user/Documents/ECE574_Local/homework/hw5/assignment5.gen/sources_1/ip/mult_32/synth/mult_32.vhd:117]
INFO: [Synth 8-256] done synthesizing module 'mult_32' (0#1) [c:/Users/coe_user/Documents/ECE574_Local/homework/hw5/assignment5.gen/sources_1/ip/mult_32/synth/mult_32.vhd:67]
WARNING: [Synth 8-7129] Port CLK in module delay_line__parameterized3 is either unconnected or has no load
WARNING: [Synth 8-7129] Port CE in module delay_line__parameterized3 is either unconnected or has no load
WARNING: [Synth 8-7129] Port SCLR in module delay_line__parameterized3 is either unconnected or has no load
WARNING: [Synth 8-7129] Port CLK in module delay_line__parameterized2 is either unconnected or has no load
WARNING: [Synth 8-7129] Port CE in module delay_line__parameterized2 is either unconnected or has no load
WARNING: [Synth 8-7129] Port SCLR in module delay_line__parameterized2 is either unconnected or has no load
WARNING: [Synth 8-7129] Port CLK in module delay_line__parameterized1 is either unconnected or has no load
WARNING: [Synth 8-7129] Port CE in module delay_line__parameterized1 is either unconnected or has no load
WARNING: [Synth 8-7129] Port SCLR in module delay_line__parameterized1 is either unconnected or has no load
WARNING: [Synth 8-7129] Port CLK in module delay_line__parameterized0 is either unconnected or has no load
WARNING: [Synth 8-7129] Port CE in module delay_line__parameterized0 is either unconnected or has no load
WARNING: [Synth 8-7129] Port SCLR in module delay_line__parameterized0 is either unconnected or has no load
WARNING: [Synth 8-7129] Port CLK in module delay_line is either unconnected or has no load
WARNING: [Synth 8-7129] Port CE in module delay_line is either unconnected or has no load
WARNING: [Synth 8-7129] Port SCLR in module delay_line is either unconnected or has no load
WARNING: [Synth 8-7129] Port D_PORT[24] in module dsp is either unconnected or has no load
WARNING: [Synth 8-7129] Port D_PORT[23] in module dsp is either unconnected or has no load
WARNING: [Synth 8-7129] Port D_PORT[22] in module dsp is either unconnected or has no load
WARNING: [Synth 8-7129] Port D_PORT[21] in module dsp is either unconnected or has no load
WARNING: [Synth 8-7129] Port D_PORT[20] in module dsp is either unconnected or has no load
WARNING: [Synth 8-7129] Port D_PORT[19] in module dsp is either unconnected or has no load
WARNING: [Synth 8-7129] Port D_PORT[18] in module dsp is either unconnected or has no load
WARNING: [Synth 8-7129] Port D_PORT[17] in module dsp is either unconnected or has no load
WARNING: [Synth 8-7129] Port D_PORT[16] in module dsp is either unconnected or has no load
WARNING: [Synth 8-7129] Port D_PORT[15] in module dsp is either unconnected or has no load
WARNING: [Synth 8-7129] Port D_PORT[14] in module dsp is either unconnected or has no load
WARNING: [Synth 8-7129] Port D_PORT[13] in module dsp is either unconnected or has no load
WARNING: [Synth 8-7129] Port D_PORT[12] in module dsp is either unconnected or has no load
WARNING: [Synth 8-7129] Port D_PORT[11] in module dsp is either unconnected or has no load
WARNING: [Synth 8-7129] Port D_PORT[10] in module dsp is either unconnected or has no load
WARNING: [Synth 8-7129] Port D_PORT[9] in module dsp is either unconnected or has no load
WARNING: [Synth 8-7129] Port D_PORT[8] in module dsp is either unconnected or has no load
WARNING: [Synth 8-7129] Port D_PORT[7] in module dsp is either unconnected or has no load
WARNING: [Synth 8-7129] Port D_PORT[6] in module dsp is either unconnected or has no load
WARNING: [Synth 8-7129] Port D_PORT[5] in module dsp is either unconnected or has no load
WARNING: [Synth 8-7129] Port D_PORT[4] in module dsp is either unconnected or has no load
WARNING: [Synth 8-7129] Port D_PORT[3] in module dsp is either unconnected or has no load
WARNING: [Synth 8-7129] Port D_PORT[2] in module dsp is either unconnected or has no load
WARNING: [Synth 8-7129] Port D_PORT[1] in module dsp is either unconnected or has no load
WARNING: [Synth 8-7129] Port D_PORT[0] in module dsp is either unconnected or has no load
WARNING: [Synth 8-7129] Port CARRY_IN in module dsp is either unconnected or has no load
WARNING: [Synth 8-7129] Port CE in module mult_gen_v12_0_19_viv is either unconnected or has no load
WARNING: [Synth 8-7129] Port SCLR in module mult_gen_v12_0_19_viv is either unconnected or has no load
---------------------------------------------------------------------------------
Finished Synthesize : Time (s): cpu = 00:00:09 ; elapsed = 00:00:14 . Memory (MB): peak = 1099.445 ; gain = 607.742
---------------------------------------------------------------------------------
---------------------------------------------------------------------------------
Finished Constraint Validation : Time (s): cpu = 00:00:09 ; elapsed = 00:00:15 . Memory (MB): peak = 1099.445 ; gain = 607.742
---------------------------------------------------------------------------------
---------------------------------------------------------------------------------
Start Loading Part and Timing Information
---------------------------------------------------------------------------------
Loading part: xc7a100tcsg324-1
---------------------------------------------------------------------------------
INFO: [Device 21-403] Loading part xc7a100tcsg324-1
Finished Loading Part and Timing Information : Time (s): cpu = 00:00:09 ; elapsed = 00:00:15 . Memory (MB): peak = 1099.445 ; gain = 607.742
---------------------------------------------------------------------------------
---------------------------------------------------------------------------------
Finished RTL Optimization Phase 2 : Time (s): cpu = 00:00:10 ; elapsed = 00:00:16 . Memory (MB): peak = 1099.445 ; gain = 607.742
---------------------------------------------------------------------------------
No constraint files found.
---------------------------------------------------------------------------------
Start RTL Component Statistics 
---------------------------------------------------------------------------------
---------------------------------------------------------------------------------
Finished RTL Component Statistics 
---------------------------------------------------------------------------------
---------------------------------------------------------------------------------
Start Part Resource Summary
---------------------------------------------------------------------------------
Part Resources:
DSPs: 240 (col length:80)
BRAMs: 270 (col length: RAMB18 80 RAMB36 40)
---------------------------------------------------------------------------------
Finished Part Resource Summary
---------------------------------------------------------------------------------
No constraint files found.
---------------------------------------------------------------------------------
Start Cross Boundary and Area Optimization
---------------------------------------------------------------------------------
WARNING: [Synth 8-7080] Parallel synthesis criteria is not met
WARNING: [Synth 8-7129] Port CE in module mult_gen_v12_0_19_viv is either unconnected or has no load
WARNING: [Synth 8-7129] Port SCLR in module mult_gen_v12_0_19_viv is either unconnected or has no load
---------------------------------------------------------------------------------
Finished Cross Boundary and Area Optimization : Time (s): cpu = 00:00:13 ; elapsed = 00:00:33 . Memory (MB): peak = 1231.652 ; gain = 739.949
---------------------------------------------------------------------------------
No constraint files found.
---------------------------------------------------------------------------------
Start Timing Optimization
---------------------------------------------------------------------------------
---------------------------------------------------------------------------------
Finished Timing Optimization : Time (s): cpu = 00:00:13 ; elapsed = 00:00:33 . Memory (MB): peak = 1231.652 ; gain = 739.949
---------------------------------------------------------------------------------
---------------------------------------------------------------------------------
Start Technology Mapping
---------------------------------------------------------------------------------
---------------------------------------------------------------------------------
Finished Technology Mapping : Time (s): cpu = 00:00:13 ; elapsed = 00:00:33 . Memory (MB): peak = 1231.652 ; gain = 739.949
---------------------------------------------------------------------------------
---------------------------------------------------------------------------------
Start IO Insertion
---------------------------------------------------------------------------------
---------------------------------------------------------------------------------
Start Flattening Before IO Insertion
---------------------------------------------------------------------------------
---------------------------------------------------------------------------------
Finished Flattening Before IO Insertion
---------------------------------------------------------------------------------
---------------------------------------------------------------------------------
Start Final Netlist Cleanup
---------------------------------------------------------------------------------
---------------------------------------------------------------------------------
Finished Final Netlist Cleanup
---------------------------------------------------------------------------------
---------------------------------------------------------------------------------
Finished IO Insertion : Time (s): cpu = 00:00:17 ; elapsed = 00:00:38 . Memory (MB): peak = 1231.652 ; gain = 739.949
---------------------------------------------------------------------------------
---------------------------------------------------------------------------------
Start Renaming Generated Instances
---------------------------------------------------------------------------------
---------------------------------------------------------------------------------
Finished Renaming Generated Instances : Time (s): cpu = 00:00:17 ; elapsed = 00:00:38 . Memory (MB): peak = 1231.652 ; gain = 739.949
---------------------------------------------------------------------------------
---------------------------------------------------------------------------------
Start Rebuilding User Hierarchy
---------------------------------------------------------------------------------
---------------------------------------------------------------------------------
Finished Rebuilding User Hierarchy : Time (s): cpu = 00:00:17 ; elapsed = 00:00:38 . Memory (MB): peak = 1231.652 ; gain = 739.949
---------------------------------------------------------------------------------
---------------------------------------------------------------------------------
Start Renaming Generated Ports
---------------------------------------------------------------------------------
---------------------------------------------------------------------------------
Finished Renaming Generated Ports : Time (s): cpu = 00:00:17 ; elapsed = 00:00:38 . Memory (MB): peak = 1231.652 ; gain = 739.949
---------------------------------------------------------------------------------
---------------------------------------------------------------------------------
Start Handling Custom Attributes
---------------------------------------------------------------------------------
---------------------------------------------------------------------------------
Finished Handling Custom Attributes : Time (s): cpu = 00:00:17 ; elapsed = 00:00:38 . Memory (MB): peak = 1231.652 ; gain = 739.949
---------------------------------------------------------------------------------
---------------------------------------------------------------------------------
Start Renaming Generated Nets
---------------------------------------------------------------------------------
---------------------------------------------------------------------------------
Finished Renaming Generated Nets : Time (s): cpu = 00:00:17 ; elapsed = 00:00:38 . Memory (MB): peak = 1231.652 ; gain = 739.949
---------------------------------------------------------------------------------
---------------------------------------------------------------------------------
Start Writing Synthesis Report
---------------------------------------------------------------------------------

DSP Final Report (the ' indicates corresponding REG is set)
+------------+--------------+--------+--------+--------+--------+--------+------+------+------+------+-------+------+------+
|Module Name | DSP Mapping  | A Size | B Size | C Size | D Size | P Size | AREG | BREG | CREG | DREG | ADREG | MREG | PREG | 
+------------+--------------+--------+--------+--------+--------+--------+------+------+------+------+-------+------+------+
|dsp         | C+A*B        | 17     | 17     | 0      | -      | 17     | 0    | 0    | 0    | -    | -     | 0    | 0    | 
|dsp         | PCIN>>17+A*B | 0      | 18     | -      | -      | 0      | 0    | 0    | -    | -    | -     | 0    | 0    | 
|dsp         | PCIN+A*B     | 25     | 17     | -      | -      | 17     | 0    | 0    | -    | -    | -     | 0    | 0    | 
|dsp         | PCIN>>17+A*B | 0      | 18     | -      | -      | 43     | 0    | 0    | -    | -    | -     | 0    | 0    | 
+------------+--------------+--------+--------+--------+--------+--------+------+------+------+------+-------+------+------+


Report BlackBoxes: 
+-+--------------+----------+
| |BlackBox name |Instances |
+-+--------------+----------+
+-+--------------+----------+

Report Cell Usage: 
+------+--------+------+
|      |Cell    |Count |
+------+--------+------+
|1     |DSP48E1 |     4|
+------+--------+------+
---------------------------------------------------------------------------------
Finished Writing Synthesis Report : Time (s): cpu = 00:00:17 ; elapsed = 00:00:38 . Memory (MB): peak = 1231.652 ; gain = 739.949
---------------------------------------------------------------------------------
Synthesis finished with 0 errors, 0 critical warnings and 49 warnings.
Synthesis Optimization Runtime : Time (s): cpu = 00:00:17 ; elapsed = 00:00:38 . Memory (MB): peak = 1231.652 ; gain = 739.949
Synthesis Optimization Complete : Time (s): cpu = 00:00:17 ; elapsed = 00:00:38 . Memory (MB): peak = 1231.652 ; gain = 739.949
INFO: [Project 1-571] Translating synthesized netlist
Netlist sorting complete. Time (s): cpu = 00:00:00 ; elapsed = 00:00:00.007 . Memory (MB): peak = 1234.566 ; gain = 0.000
INFO: [Netlist 29-17] Analyzing 4 Unisim elements for replacement
INFO: [Netlist 29-28] Unisim Transformation completed in 0 CPU seconds
INFO: [Project 1-570] Preparing netlist for logic optimization
INFO: [Opt 31-138] Pushed 0 inverter(s) to 0 load pin(s).
Netlist sorting complete. Time (s): cpu = 00:00:00 ; elapsed = 00:00:00 . Memory (MB): peak = 1326.938 ; gain = 0.000
INFO: [Project 1-111] Unisim Transformation Summary:
No Unisim elements were transformed.

The system cannot find the path specified.
Synth Design complete | Checksum: cb687ee7
INFO: [Common 17-83] Releasing license: Synthesis
17 Infos, 49 Warnings, 0 Critical Warnings and 0 Errors encountered.
synth_design completed successfully
synth_design: Time (s): cpu = 00:00:19 ; elapsed = 00:00:41 . Memory (MB): peak = 1326.938 ; gain = 840.266
INFO: [Timing 38-35] Done setting XDC timing constraints.
Write ShapeDB Complete: Time (s): cpu = 00:00:00 ; elapsed = 00:00:00.001 . Memory (MB): peak = 1590.238 ; gain = 0.000
INFO: [Common 17-1381] The checkpoint 'C:/Users/coe_user/Documents/ECE574_Local/homework/hw5/assignment5.runs/mult_32_synth_1/mult_32.dcp' has been generated.
write_checkpoint: Time (s): cpu = 00:00:06 ; elapsed = 00:00:09 . Memory (MB): peak = 1599.293 ; gain = 272.355
INFO: [Coretcl 2-1648] Added synthesis output to IP cache for IP mult_32, cache-ID = a65943498669789c
INFO: [Coretcl 2-1174] Renamed 3 cell refs.
Write ShapeDB Complete: Time (s): cpu = 00:00:00 ; elapsed = 00:00:00.001 . Memory (MB): peak = 1599.293 ; gain = 0.000
INFO: [Common 17-1381] The checkpoint 'C:/Users/coe_user/Documents/ECE574_Local/homework/hw5/assignment5.runs/mult_32_synth_1/mult_32.dcp' has been generated.
INFO: [runtcl-4] Executing : report_utilization -file mult_32_utilization_synth.rpt -pb mult_32_utilization_synth.pb
INFO: [Common 17-206] Exiting Vivado at Wed Jun  5 12:32:44 2024...
