
*** Running vivado
    with args -log dsp_addsub.vds -m64 -product Vivado -mode batch -messageDb vivado.pb -notrace -source dsp_addsub.tcl


ECHO is off.
ECHO is off.

****** Vivado v2023.2 (64-bit)
  **** SW Build 4029153 on Fri Oct 13 20:14:34 MDT 2023
  **** IP Build 4028589 on Sat Oct 14 00:45:43 MDT 2023
  **** SharedData Build 4025554 on Tue Oct 10 17:18:54 MDT 2023
    ** Copyright 1986-2022 Xilinx, Inc. All Rights Reserved.
    ** Copyright 2022-2023 Advanced Micro Devices, Inc. All Rights Reserved.

source dsp_addsub.tcl -notrace
create_project: Time (s): cpu = 00:00:05 ; elapsed = 00:00:09 . Memory (MB): peak = 474.230 ; gain = 181.012
INFO: [IP_Flow 19-6924] IPCACHE: Running cache check for IP inst: dsp_addsub
Command: synth_design -top dsp_addsub -part xc7a100tcsg324-1 -incremental_mode off -mode out_of_context
Starting synth_design
Attempting to get a license for feature 'Synthesis' and/or device 'xc7a100t'
INFO: [Common 17-349] Got license for feature 'Synthesis' and/or device 'xc7a100t'
INFO: [Designutils 20-5008] Incremental synthesis strategy off
INFO: [Synth 8-7079] Multithreading enabled for synth_design using a maximum of 2 processes.
INFO: [Synth 8-7078] Launching helper process for spawning children vivado processes
INFO: [Synth 8-7075] Helper process launched with PID 23220
---------------------------------------------------------------------------------
Starting Synthesize : Time (s): cpu = 00:00:07 ; elapsed = 00:00:09 . Memory (MB): peak = 934.168 ; gain = 438.984
---------------------------------------------------------------------------------
INFO: [Synth 8-638] synthesizing module 'dsp_addsub' [c:/Users/coe_user/Documents/ECE574_VLSI/homework/hw3/assignment3.gen/sources_1/ip/dsp_addsub/synth/dsp_addsub.vhd:68]
	Parameter C_VERBOSITY bound to: 0 - type: integer 
	Parameter C_MODEL_TYPE bound to: 0 - type: integer 
	Parameter C_XDEVICEFAMILY bound to: artix7 - type: string 
	Parameter C_HAS_CE bound to: 0 - type: integer 
	Parameter C_HAS_INDEP_CE bound to: 0 - type: integer 
	Parameter C_HAS_CED bound to: 0 - type: integer 
	Parameter C_HAS_CEA bound to: 0 - type: integer 
	Parameter C_HAS_CEB bound to: 0 - type: integer 
	Parameter C_HAS_CEC bound to: 0 - type: integer 
	Parameter C_HAS_CECONCAT bound to: 0 - type: integer 
	Parameter C_HAS_CEM bound to: 0 - type: integer 
	Parameter C_HAS_CEP bound to: 0 - type: integer 
	Parameter C_HAS_CESEL bound to: 0 - type: integer 
	Parameter C_HAS_SCLR bound to: 0 - type: integer 
	Parameter C_HAS_INDEP_SCLR bound to: 0 - type: integer 
	Parameter C_HAS_SCLRD bound to: 0 - type: integer 
	Parameter C_HAS_SCLRA bound to: 0 - type: integer 
	Parameter C_HAS_SCLRB bound to: 0 - type: integer 
	Parameter C_HAS_SCLRC bound to: 0 - type: integer 
	Parameter C_HAS_SCLRM bound to: 0 - type: integer 
	Parameter C_HAS_SCLRP bound to: 0 - type: integer 
	Parameter C_HAS_SCLRCONCAT bound to: 0 - type: integer 
	Parameter C_HAS_SCLRSEL bound to: 0 - type: integer 
	Parameter C_HAS_CARRYCASCIN bound to: 0 - type: integer 
	Parameter C_HAS_CARRYIN bound to: 0 - type: integer 
	Parameter C_HAS_ACIN bound to: 0 - type: integer 
	Parameter C_HAS_BCIN bound to: 0 - type: integer 
	Parameter C_HAS_PCIN bound to: 0 - type: integer 
	Parameter C_HAS_A bound to: 0 - type: integer 
	Parameter C_HAS_B bound to: 0 - type: integer 
	Parameter C_HAS_D bound to: 0 - type: integer 
	Parameter C_HAS_CONCAT bound to: 1 - type: integer 
	Parameter C_HAS_C bound to: 1 - type: integer 
	Parameter C_SQUARE_FCN bound to: 0 - type: integer 
	Parameter C_A_WIDTH bound to: 18 - type: integer 
	Parameter C_B_WIDTH bound to: 18 - type: integer 
	Parameter C_C_WIDTH bound to: 48 - type: integer 
	Parameter C_D_WIDTH bound to: 18 - type: integer 
	Parameter C_CONCAT_WIDTH bound to: 48 - type: integer 
	Parameter C_P_MSB bound to: 47 - type: integer 
	Parameter C_P_LSB bound to: 0 - type: integer 
	Parameter C_SEL_WIDTH bound to: 1 - type: integer 
	Parameter C_HAS_ACOUT bound to: 0 - type: integer 
	Parameter C_HAS_BCOUT bound to: 0 - type: integer 
	Parameter C_HAS_CARRYCASCOUT bound to: 0 - type: integer 
	Parameter C_HAS_CARRYOUT bound to: 0 - type: integer 
	Parameter C_HAS_PCOUT bound to: 0 - type: integer 
	Parameter C_CONSTANT_1 bound to: 1 - type: integer 
	Parameter C_LATENCY bound to: 128 - type: integer 
	Parameter C_OPMODES bound to: 000000000000111100000000,000001100011001100000000 - type: string 
	Parameter C_REG_CONFIG bound to: 00000000000000000000000000000000 - type: string 
	Parameter C_TEST_CORE bound to: 0 - type: integer 
INFO: [Synth 8-3491] module 'dsp_macro_v1_0_4' declared at 'c:/Users/coe_user/Documents/ECE574_VLSI/homework/hw3/assignment3.gen/sources_1/ip/dsp_addsub/hdl/dsp_macro_v1_0_rfs.vhd:5234' bound to instance 'U0' of component 'dsp_macro_v1_0_4' [c:/Users/coe_user/Documents/ECE574_VLSI/homework/hw3/assignment3.gen/sources_1/ip/dsp_addsub/synth/dsp_addsub.vhd:208]
INFO: [Synth 8-256] done synthesizing module 'dsp_addsub' (0#1) [c:/Users/coe_user/Documents/ECE574_VLSI/homework/hw3/assignment3.gen/sources_1/ip/dsp_addsub/synth/dsp_addsub.vhd:68]
WARNING: [Synth 8-7129] Port CE in module xbip_dsp48e1_wrapper_v3_0 is either unconnected or has no load
WARNING: [Synth 8-7129] Port SCLR in module xbip_dsp48e1_wrapper_v3_0 is either unconnected or has no load
WARNING: [Synth 8-7129] Port CEA1 in module xbip_dsp48e1_wrapper_v3_0 is either unconnected or has no load
WARNING: [Synth 8-7129] Port CEA2 in module xbip_dsp48e1_wrapper_v3_0 is either unconnected or has no load
WARNING: [Synth 8-7129] Port CEB1 in module xbip_dsp48e1_wrapper_v3_0 is either unconnected or has no load
WARNING: [Synth 8-7129] Port CEB2 in module xbip_dsp48e1_wrapper_v3_0 is either unconnected or has no load
WARNING: [Synth 8-7129] Port CEAD in module xbip_dsp48e1_wrapper_v3_0 is either unconnected or has no load
WARNING: [Synth 8-7129] Port CED in module xbip_dsp48e1_wrapper_v3_0 is either unconnected or has no load
WARNING: [Synth 8-7129] Port CEC in module xbip_dsp48e1_wrapper_v3_0 is either unconnected or has no load
WARNING: [Synth 8-7129] Port CECARRYIN in module xbip_dsp48e1_wrapper_v3_0 is either unconnected or has no load
WARNING: [Synth 8-7129] Port CECTRL in module xbip_dsp48e1_wrapper_v3_0 is either unconnected or has no load
WARNING: [Synth 8-7129] Port CEALUMODE in module xbip_dsp48e1_wrapper_v3_0 is either unconnected or has no load
WARNING: [Synth 8-7129] Port CEINMODE in module xbip_dsp48e1_wrapper_v3_0 is either unconnected or has no load
WARNING: [Synth 8-7129] Port CEM in module xbip_dsp48e1_wrapper_v3_0 is either unconnected or has no load
WARNING: [Synth 8-7129] Port CEP in module xbip_dsp48e1_wrapper_v3_0 is either unconnected or has no load
WARNING: [Synth 8-7129] Port SCLRA in module xbip_dsp48e1_wrapper_v3_0 is either unconnected or has no load
WARNING: [Synth 8-7129] Port SCLRB in module xbip_dsp48e1_wrapper_v3_0 is either unconnected or has no load
WARNING: [Synth 8-7129] Port SCLRC in module xbip_dsp48e1_wrapper_v3_0 is either unconnected or has no load
WARNING: [Synth 8-7129] Port SCLRD in module xbip_dsp48e1_wrapper_v3_0 is either unconnected or has no load
WARNING: [Synth 8-7129] Port SCLRALLCARRYIN in module xbip_dsp48e1_wrapper_v3_0 is either unconnected or has no load
WARNING: [Synth 8-7129] Port SCLRCTRL in module xbip_dsp48e1_wrapper_v3_0 is either unconnected or has no load
WARNING: [Synth 8-7129] Port SCLRALUMODE in module xbip_dsp48e1_wrapper_v3_0 is either unconnected or has no load
WARNING: [Synth 8-7129] Port SCLRINMODE in module xbip_dsp48e1_wrapper_v3_0 is either unconnected or has no load
WARNING: [Synth 8-7129] Port SCLRM in module xbip_dsp48e1_wrapper_v3_0 is either unconnected or has no load
WARNING: [Synth 8-7129] Port SCLRP in module xbip_dsp48e1_wrapper_v3_0 is either unconnected or has no load
WARNING: [Synth 8-7129] Port CLK in module xbip_pipe_v3_0_7_viv__parameterized2 is either unconnected or has no load
WARNING: [Synth 8-7129] Port CE in module xbip_pipe_v3_0_7_viv__parameterized2 is either unconnected or has no load
WARNING: [Synth 8-7129] Port SCLR in module xbip_pipe_v3_0_7_viv__parameterized2 is either unconnected or has no load
WARNING: [Synth 8-7129] Port SSET in module xbip_pipe_v3_0_7_viv__parameterized2 is either unconnected or has no load
WARNING: [Synth 8-7129] Port SINIT in module xbip_pipe_v3_0_7_viv__parameterized2 is either unconnected or has no load
WARNING: [Synth 8-7129] Port CLK in module xbip_pipe_v3_0_7_viv__parameterized1 is either unconnected or has no load
WARNING: [Synth 8-7129] Port CE in module xbip_pipe_v3_0_7_viv__parameterized1 is either unconnected or has no load
WARNING: [Synth 8-7129] Port SCLR in module xbip_pipe_v3_0_7_viv__parameterized1 is either unconnected or has no load
WARNING: [Synth 8-7129] Port SSET in module xbip_pipe_v3_0_7_viv__parameterized1 is either unconnected or has no load
WARNING: [Synth 8-7129] Port SINIT in module xbip_pipe_v3_0_7_viv__parameterized1 is either unconnected or has no load
WARNING: [Synth 8-7129] Port CLK in module xbip_pipe_v3_0_7_viv__parameterized0 is either unconnected or has no load
WARNING: [Synth 8-7129] Port CE in module xbip_pipe_v3_0_7_viv__parameterized0 is either unconnected or has no load
WARNING: [Synth 8-7129] Port SCLR in module xbip_pipe_v3_0_7_viv__parameterized0 is either unconnected or has no load
WARNING: [Synth 8-7129] Port SSET in module xbip_pipe_v3_0_7_viv__parameterized0 is either unconnected or has no load
WARNING: [Synth 8-7129] Port SINIT in module xbip_pipe_v3_0_7_viv__parameterized0 is either unconnected or has no load
WARNING: [Synth 8-7129] Port CLK in module xbip_pipe_v3_0_7_viv is either unconnected or has no load
WARNING: [Synth 8-7129] Port CE in module xbip_pipe_v3_0_7_viv is either unconnected or has no load
WARNING: [Synth 8-7129] Port SCLR in module xbip_pipe_v3_0_7_viv is either unconnected or has no load
WARNING: [Synth 8-7129] Port SSET in module xbip_pipe_v3_0_7_viv is either unconnected or has no load
WARNING: [Synth 8-7129] Port SINIT in module xbip_pipe_v3_0_7_viv is either unconnected or has no load
WARNING: [Synth 8-7129] Port CE in module dsp_macro_synth is either unconnected or has no load
WARNING: [Synth 8-7129] Port SCLR in module dsp_macro_synth is either unconnected or has no load
WARNING: [Synth 8-7129] Port A[17] in module dsp_macro_synth is either unconnected or has no load
WARNING: [Synth 8-7129] Port A[16] in module dsp_macro_synth is either unconnected or has no load
WARNING: [Synth 8-7129] Port A[15] in module dsp_macro_synth is either unconnected or has no load
WARNING: [Synth 8-7129] Port A[14] in module dsp_macro_synth is either unconnected or has no load
WARNING: [Synth 8-7129] Port A[13] in module dsp_macro_synth is either unconnected or has no load
WARNING: [Synth 8-7129] Port A[12] in module dsp_macro_synth is either unconnected or has no load
WARNING: [Synth 8-7129] Port A[11] in module dsp_macro_synth is either unconnected or has no load
WARNING: [Synth 8-7129] Port A[10] in module dsp_macro_synth is either unconnected or has no load
WARNING: [Synth 8-7129] Port A[9] in module dsp_macro_synth is either unconnected or has no load
WARNING: [Synth 8-7129] Port A[8] in module dsp_macro_synth is either unconnected or has no load
WARNING: [Synth 8-7129] Port A[7] in module dsp_macro_synth is either unconnected or has no load
WARNING: [Synth 8-7129] Port A[6] in module dsp_macro_synth is either unconnected or has no load
WARNING: [Synth 8-7129] Port A[5] in module dsp_macro_synth is either unconnected or has no load
WARNING: [Synth 8-7129] Port A[4] in module dsp_macro_synth is either unconnected or has no load
WARNING: [Synth 8-7129] Port A[3] in module dsp_macro_synth is either unconnected or has no load
WARNING: [Synth 8-7129] Port A[2] in module dsp_macro_synth is either unconnected or has no load
WARNING: [Synth 8-7129] Port A[1] in module dsp_macro_synth is either unconnected or has no load
WARNING: [Synth 8-7129] Port A[0] in module dsp_macro_synth is either unconnected or has no load
WARNING: [Synth 8-7129] Port B[17] in module dsp_macro_synth is either unconnected or has no load
WARNING: [Synth 8-7129] Port B[16] in module dsp_macro_synth is either unconnected or has no load
WARNING: [Synth 8-7129] Port B[15] in module dsp_macro_synth is either unconnected or has no load
WARNING: [Synth 8-7129] Port B[14] in module dsp_macro_synth is either unconnected or has no load
WARNING: [Synth 8-7129] Port B[13] in module dsp_macro_synth is either unconnected or has no load
WARNING: [Synth 8-7129] Port B[12] in module dsp_macro_synth is either unconnected or has no load
WARNING: [Synth 8-7129] Port B[11] in module dsp_macro_synth is either unconnected or has no load
WARNING: [Synth 8-7129] Port B[10] in module dsp_macro_synth is either unconnected or has no load
WARNING: [Synth 8-7129] Port B[9] in module dsp_macro_synth is either unconnected or has no load
WARNING: [Synth 8-7129] Port B[8] in module dsp_macro_synth is either unconnected or has no load
WARNING: [Synth 8-7129] Port B[7] in module dsp_macro_synth is either unconnected or has no load
WARNING: [Synth 8-7129] Port B[6] in module dsp_macro_synth is either unconnected or has no load
WARNING: [Synth 8-7129] Port B[5] in module dsp_macro_synth is either unconnected or has no load
WARNING: [Synth 8-7129] Port B[4] in module dsp_macro_synth is either unconnected or has no load
WARNING: [Synth 8-7129] Port B[3] in module dsp_macro_synth is either unconnected or has no load
WARNING: [Synth 8-7129] Port B[2] in module dsp_macro_synth is either unconnected or has no load
WARNING: [Synth 8-7129] Port B[1] in module dsp_macro_synth is either unconnected or has no load
WARNING: [Synth 8-7129] Port B[0] in module dsp_macro_synth is either unconnected or has no load
WARNING: [Synth 8-7129] Port D[17] in module dsp_macro_synth is either unconnected or has no load
WARNING: [Synth 8-7129] Port D[16] in module dsp_macro_synth is either unconnected or has no load
WARNING: [Synth 8-7129] Port D[15] in module dsp_macro_synth is either unconnected or has no load
WARNING: [Synth 8-7129] Port D[14] in module dsp_macro_synth is either unconnected or has no load
WARNING: [Synth 8-7129] Port D[13] in module dsp_macro_synth is either unconnected or has no load
WARNING: [Synth 8-7129] Port D[12] in module dsp_macro_synth is either unconnected or has no load
WARNING: [Synth 8-7129] Port D[11] in module dsp_macro_synth is either unconnected or has no load
WARNING: [Synth 8-7129] Port D[10] in module dsp_macro_synth is either unconnected or has no load
WARNING: [Synth 8-7129] Port D[9] in module dsp_macro_synth is either unconnected or has no load
WARNING: [Synth 8-7129] Port D[8] in module dsp_macro_synth is either unconnected or has no load
WARNING: [Synth 8-7129] Port D[7] in module dsp_macro_synth is either unconnected or has no load
WARNING: [Synth 8-7129] Port D[6] in module dsp_macro_synth is either unconnected or has no load
WARNING: [Synth 8-7129] Port D[5] in module dsp_macro_synth is either unconnected or has no load
WARNING: [Synth 8-7129] Port D[4] in module dsp_macro_synth is either unconnected or has no load
WARNING: [Synth 8-7129] Port D[3] in module dsp_macro_synth is either unconnected or has no load
WARNING: [Synth 8-7129] Port D[2] in module dsp_macro_synth is either unconnected or has no load
WARNING: [Synth 8-7129] Port D[1] in module dsp_macro_synth is either unconnected or has no load
INFO: [Common 17-14] Message 'Synth 8-7129' appears 100 times and further instances of the messages will be disabled. Use the Tcl command set_msg_config to change the current settings.
---------------------------------------------------------------------------------
Finished Synthesize : Time (s): cpu = 00:00:11 ; elapsed = 00:00:14 . Memory (MB): peak = 1074.480 ; gain = 579.297
---------------------------------------------------------------------------------
---------------------------------------------------------------------------------
Finished Constraint Validation : Time (s): cpu = 00:00:11 ; elapsed = 00:00:15 . Memory (MB): peak = 1074.480 ; gain = 579.297
---------------------------------------------------------------------------------
---------------------------------------------------------------------------------
Start Loading Part and Timing Information
---------------------------------------------------------------------------------
Loading part: xc7a100tcsg324-1
INFO: [Device 21-403] Loading part xc7a100tcsg324-1
---------------------------------------------------------------------------------
Finished Loading Part and Timing Information : Time (s): cpu = 00:00:11 ; elapsed = 00:00:15 . Memory (MB): peak = 1074.480 ; gain = 579.297
---------------------------------------------------------------------------------
---------------------------------------------------------------------------------
Finished RTL Optimization Phase 2 : Time (s): cpu = 00:00:12 ; elapsed = 00:00:15 . Memory (MB): peak = 1074.480 ; gain = 579.297
---------------------------------------------------------------------------------
INFO: [Synth 8-223] decloning instance 'U0/i_synth/i_synth_option.i_synth_model/i_a2' (xbip_pipe_v3_0_7_viv) to 'U0/i_synth/i_synth_option.i_synth_model/i_d2'
No constraint files found.
---------------------------------------------------------------------------------
Start RTL Component Statistics 
---------------------------------------------------------------------------------
---------------------------------------------------------------------------------
Finished RTL Component Statistics 
---------------------------------------------------------------------------------
---------------------------------------------------------------------------------
Start Part Resource Summary
---------------------------------------------------------------------------------
Part Resources:
DSPs: 240 (col length:80)
BRAMs: 270 (col length: RAMB18 80 RAMB36 40)
---------------------------------------------------------------------------------
Finished Part Resource Summary
---------------------------------------------------------------------------------
No constraint files found.
---------------------------------------------------------------------------------
Start Cross Boundary and Area Optimization
---------------------------------------------------------------------------------
WARNING: [Synth 8-7080] Parallel synthesis criteria is not met
---------------------------------------------------------------------------------
Finished Cross Boundary and Area Optimization : Time (s): cpu = 00:00:16 ; elapsed = 00:00:32 . Memory (MB): peak = 1234.930 ; gain = 739.746
---------------------------------------------------------------------------------
No constraint files found.
---------------------------------------------------------------------------------
Start Timing Optimization
---------------------------------------------------------------------------------
---------------------------------------------------------------------------------
Finished Timing Optimization : Time (s): cpu = 00:00:16 ; elapsed = 00:00:32 . Memory (MB): peak = 1236.359 ; gain = 741.176
---------------------------------------------------------------------------------
---------------------------------------------------------------------------------
Start Technology Mapping
---------------------------------------------------------------------------------
---------------------------------------------------------------------------------
Finished Technology Mapping : Time (s): cpu = 00:00:16 ; elapsed = 00:00:32 . Memory (MB): peak = 1236.359 ; gain = 741.176
---------------------------------------------------------------------------------
---------------------------------------------------------------------------------
Start IO Insertion
---------------------------------------------------------------------------------
---------------------------------------------------------------------------------
Start Flattening Before IO Insertion
---------------------------------------------------------------------------------
---------------------------------------------------------------------------------
Finished Flattening Before IO Insertion
---------------------------------------------------------------------------------
---------------------------------------------------------------------------------
Start Final Netlist Cleanup
---------------------------------------------------------------------------------
---------------------------------------------------------------------------------
Finished Final Netlist Cleanup
---------------------------------------------------------------------------------
---------------------------------------------------------------------------------
Finished IO Insertion : Time (s): cpu = 00:00:21 ; elapsed = 00:00:39 . Memory (MB): peak = 1236.410 ; gain = 741.227
---------------------------------------------------------------------------------
---------------------------------------------------------------------------------
Start Renaming Generated Instances
---------------------------------------------------------------------------------
---------------------------------------------------------------------------------
Finished Renaming Generated Instances : Time (s): cpu = 00:00:21 ; elapsed = 00:00:39 . Memory (MB): peak = 1236.410 ; gain = 741.227
---------------------------------------------------------------------------------
---------------------------------------------------------------------------------
Start Rebuilding User Hierarchy
---------------------------------------------------------------------------------
---------------------------------------------------------------------------------
Finished Rebuilding User Hierarchy : Time (s): cpu = 00:00:21 ; elapsed = 00:00:39 . Memory (MB): peak = 1236.410 ; gain = 741.227
---------------------------------------------------------------------------------
---------------------------------------------------------------------------------
Start Renaming Generated Ports
---------------------------------------------------------------------------------
---------------------------------------------------------------------------------
Finished Renaming Generated Ports : Time (s): cpu = 00:00:21 ; elapsed = 00:00:39 . Memory (MB): peak = 1236.410 ; gain = 741.227
---------------------------------------------------------------------------------
---------------------------------------------------------------------------------
Start Handling Custom Attributes
---------------------------------------------------------------------------------
---------------------------------------------------------------------------------
Finished Handling Custom Attributes : Time (s): cpu = 00:00:21 ; elapsed = 00:00:39 . Memory (MB): peak = 1236.410 ; gain = 741.227
---------------------------------------------------------------------------------
---------------------------------------------------------------------------------
Start Renaming Generated Nets
---------------------------------------------------------------------------------
---------------------------------------------------------------------------------
Finished Renaming Generated Nets : Time (s): cpu = 00:00:21 ; elapsed = 00:00:39 . Memory (MB): peak = 1236.410 ; gain = 741.227
---------------------------------------------------------------------------------
---------------------------------------------------------------------------------
Start Writing Synthesis Report
---------------------------------------------------------------------------------

DSP Final Report (the ' indicates corresponding REG is set)
+--------------------------+-------------+--------+--------+--------+--------+--------+------+------+------+------+-------+------+------+
|Module Name               | DSP Mapping | A Size | B Size | C Size | D Size | P Size | AREG | BREG | CREG | DREG | ADREG | MREG | PREG | 
+--------------------------+-------------+--------+--------+--------+--------+--------+------+------+------+------+-------+------+------+
|xbip_dsp48e1_wrapper_v3_0 | Dynamic     | -      | -      | -      | -      | 48     | -    | -    | -    | -    | -     | 0    | 0    | 
+--------------------------+-------------+--------+--------+--------+--------+--------+------+------+------+------+-------+------+------+


Report BlackBoxes: 
+-+--------------+----------+
| |BlackBox name |Instances |
+-+--------------+----------+
+-+--------------+----------+

Report Cell Usage: 
+------+--------+------+
|      |Cell    |Count |
+------+--------+------+
|1     |DSP48E1 |     1|
|2     |LUT1    |     1|
+------+--------+------+
---------------------------------------------------------------------------------
Finished Writing Synthesis Report : Time (s): cpu = 00:00:21 ; elapsed = 00:00:39 . Memory (MB): peak = 1236.410 ; gain = 741.227
---------------------------------------------------------------------------------
Synthesis finished with 0 errors, 0 critical warnings and 238 warnings.
Synthesis Optimization Runtime : Time (s): cpu = 00:00:21 ; elapsed = 00:00:39 . Memory (MB): peak = 1236.410 ; gain = 741.227
Synthesis Optimization Complete : Time (s): cpu = 00:00:21 ; elapsed = 00:00:39 . Memory (MB): peak = 1236.410 ; gain = 741.227
INFO: [Project 1-571] Translating synthesized netlist
Netlist sorting complete. Time (s): cpu = 00:00:01 ; elapsed = 00:00:00.010 . Memory (MB): peak = 1249.477 ; gain = 0.000
INFO: [Netlist 29-17] Analyzing 1 Unisim elements for replacement
INFO: [Netlist 29-28] Unisim Transformation completed in 0 CPU seconds
INFO: [Project 1-570] Preparing netlist for logic optimization
INFO: [Opt 31-138] Pushed 0 inverter(s) to 0 load pin(s).
Netlist sorting complete. Time (s): cpu = 00:00:00 ; elapsed = 00:00:00 . Memory (MB): peak = 1346.977 ; gain = 0.000
INFO: [Project 1-111] Unisim Transformation Summary:
No Unisim elements were transformed.

The system cannot find the path specified.
Synth Design complete | Checksum: 432a7013
INFO: [Common 17-83] Releasing license: Synthesis
19 Infos, 101 Warnings, 0 Critical Warnings and 0 Errors encountered.
synth_design completed successfully
synth_design: Time (s): cpu = 00:00:23 ; elapsed = 00:00:42 . Memory (MB): peak = 1346.977 ; gain = 859.234
INFO: [Timing 38-35] Done setting XDC timing constraints.
INFO: [Common 17-1381] The checkpoint 'C:/Users/coe_user/Documents/ECE574_VLSI/homework/hw3/assignment3.runs/dsp_addsub_synth_1/dsp_addsub.dcp' has been generated.
write_checkpoint: Time (s): cpu = 00:00:09 ; elapsed = 00:00:11 . Memory (MB): peak = 1596.781 ; gain = 249.805
INFO: [Coretcl 2-1648] Added synthesis output to IP cache for IP dsp_addsub, cache-ID = 0b7f1debf080c3fb
INFO: [Coretcl 2-1174] Renamed 4 cell refs.
INFO: [Common 17-1381] The checkpoint 'C:/Users/coe_user/Documents/ECE574_VLSI/homework/hw3/assignment3.runs/dsp_addsub_synth_1/dsp_addsub.dcp' has been generated.
INFO: [runtcl-4] Executing : report_utilization -file dsp_addsub_utilization_synth.rpt -pb dsp_addsub_utilization_synth.pb
INFO: [Common 17-206] Exiting Vivado at Fri Apr 19 15:11:01 2024...
