#-----------------------------------------------------------
# Vivado v2023.2 (64-bit)
# SW Build 4029153 on Fri Oct 13 20:14:34 MDT 2023
# IP Build 4028589 on Sat Oct 14 00:45:43 MDT 2023
# SharedData Build 4025554 on Tue Oct 10 17:18:54 MDT 2023
# Start of session at: Thu Jun  6 13:19:25 2024
# Process ID: 19464
# Current directory: C:/Users/coe_user/Documents/ECE574_Local/homework/final
# Command line: vivado.exe -gui_launcher_event rodinguilauncherevent21804 C:\Users\coe_user\Documents\ECE574_Local\homework\final\FinalProject.xpr
# Log file: C:/Users/coe_user/Documents/ECE574_Local/homework/final/vivado.log
# Journal file: C:/Users/coe_user/Documents/ECE574_Local/homework/final\vivado.jou
# Running On: coe-loan-008, OS: Windows, CPU Frequency: 2304 MHz, CPU Physical cores: 4, Host memory: 34040 MB
#-----------------------------------------------------------
start_gui
open_project C:/Users/coe_user/Documents/ECE574_Local/homework/final/FinalProject.xpr
WARNING: [Board 49-26] cannot add Board Part xilinx.com:kc705:part0:1.6 available at C:/Xilinx/Vivado/2023.2/data/xhub/boards/XilinxBoardStore/boards/Xilinx/kc705/1.6/board.xml as part xc7k325tffg900-2 specified in board_part file is either invalid or not available
WARNING: [Board 49-26] cannot add Board Part xilinx.com:kcu105:part0:1.6 available at C:/Xilinx/Vivado/2023.2/data/xhub/boards/XilinxBoardStore/boards/Xilinx/kcu105/1.6/board.xml as part xcku040-ffva1156-2-e specified in board_part file is either invalid or not available
WARNING: [Board 49-26] cannot add Board Part xilinx.com:kcu105:part0:1.7 available at C:/Xilinx/Vivado/2023.2/data/xhub/boards/XilinxBoardStore/boards/Xilinx/kcu105/1.7/board.xml as part xcku040-ffva1156-2-e specified in board_part file is either invalid or not available
WARNING: [Board 49-26] cannot add Board Part xilinx.com:kcu1500:part0:1.2 available at C:/Xilinx/Vivado/2023.2/data/xhub/boards/XilinxBoardStore/boards/Xilinx/kcu1500/1.2/board.xml as part xcku115-flvb2104-2-e specified in board_part file is either invalid or not available
WARNING: [Board 49-26] cannot add Board Part xilinx.com:vc707:part0:1.4 available at C:/Xilinx/Vivado/2023.2/data/xhub/boards/XilinxBoardStore/boards/Xilinx/vc707/1.4/board.xml as part xc7vx485tffg1761-2 specified in board_part file is either invalid or not available
WARNING: [Board 49-26] cannot add Board Part xilinx.com:vc709:part0:1.8 available at C:/Xilinx/Vivado/2023.2/data/xhub/boards/XilinxBoardStore/boards/Xilinx/vc709/1.8/board.xml as part xc7vx690tffg1761-2 specified in board_part file is either invalid or not available
WARNING: [Board 49-26] cannot add Board Part xilinx.com:vck190:part0:2.2 available at C:/Xilinx/Vivado/2023.2/data/xhub/boards/XilinxBoardStore/boards/Xilinx/vck190/production/2.2/board.xml as part xcvc1902-vsva2197-2mp-e-s specified in board_part file is either invalid or not available
WARNING: [Board 49-26] cannot add Board Part xilinx.com:vck190:part0:3.0 available at C:/Xilinx/Vivado/2023.2/data/xhub/boards/XilinxBoardStore/boards/Xilinx/vck190/production/3.0/board.xml as part xcvc1902-vsva2197-2mp-e-s specified in board_part file is either invalid or not available
WARNING: [Board 49-26] cannot add Board Part xilinx.com:vck190:part0:3.1 available at C:/Xilinx/Vivado/2023.2/data/xhub/boards/XilinxBoardStore/boards/Xilinx/vck190/production/3.1/board.xml as part xcvc1902-vsva2197-2mp-e-s specified in board_part file is either invalid or not available
WARNING: [Board 49-26] cannot add Board Part xilinx.com:vck190:part0:3.2 available at C:/Xilinx/Vivado/2023.2/data/xhub/boards/XilinxBoardStore/boards/Xilinx/vck190/production/3.2/board.xml as part xcvc1902-vsva2197-2mp-e-s specified in board_part file is either invalid or not available
WARNING: [Board 49-26] cannot add Board Part xilinx.com:vck190_newl:part0:1.0 available at C:/Xilinx/Vivado/2023.2/data/xhub/boards/XilinxBoardStore/boards/Xilinx/vck190_newl/production/1.0/board.xml as part xcvc1902-vsva2197-2mp-e-s specified in board_part file is either invalid or not available
WARNING: [Board 49-26] cannot add Board Part xilinx.com:vck190_newl:part0:1.1 available at C:/Xilinx/Vivado/2023.2/data/xhub/boards/XilinxBoardStore/boards/Xilinx/vck190_newl/production/1.1/board.xml as part xcvc1902-vsva2197-2mp-e-s specified in board_part file is either invalid or not available
WARNING: [Board 49-26] cannot add Board Part xilinx.com:vcu108:part0:1.6 available at C:/Xilinx/Vivado/2023.2/data/xhub/boards/XilinxBoardStore/boards/Xilinx/vcu108/1.6/board.xml as part xcvu095-ffva2104-2-e specified in board_part file is either invalid or not available
WARNING: [Board 49-26] cannot add Board Part xilinx.com:vcu108:part0:1.7 available at C:/Xilinx/Vivado/2023.2/data/xhub/boards/XilinxBoardStore/boards/Xilinx/vcu108/1.7/board.xml as part xcvu095-ffva2104-2-e specified in board_part file is either invalid or not available
WARNING: [Board 49-26] cannot add Board Part xilinx.com:vcu110:part0:1.4 available at C:/Xilinx/Vivado/2023.2/data/xhub/boards/XilinxBoardStore/boards/Xilinx/vcu110/1.4/board.xml as part xcvu190-flgc2104-2-e specified in board_part file is either invalid or not available
WARNING: [Board 49-26] cannot add Board Part xilinx.com:vcu118:part0:2.0 available at C:/Xilinx/Vivado/2023.2/data/xhub/boards/XilinxBoardStore/boards/Xilinx/vcu118/2.0/board.xml as part xcvu9p-flga2104-2l-e specified in board_part file is either invalid or not available
WARNING: [Board 49-26] cannot add Board Part xilinx.com:vcu118:part0:2.3 available at C:/Xilinx/Vivado/2023.2/data/xhub/boards/XilinxBoardStore/boards/Xilinx/vcu118/2.3/board.xml as part xcvu9p-flga2104-2l-e specified in board_part file is either invalid or not available
WARNING: [Board 49-26] cannot add Board Part xilinx.com:vcu118:part0:2.4 available at C:/Xilinx/Vivado/2023.2/data/xhub/boards/XilinxBoardStore/boards/Xilinx/vcu118/2.4/board.xml as part xcvu9p-flga2104-2l-e specified in board_part file is either invalid or not available
WARNING: [Board 49-26] cannot add Board Part xilinx.com:vcu129:part0:1.0 available at C:/Xilinx/Vivado/2023.2/data/xhub/boards/XilinxBoardStore/boards/Xilinx/vcu129/production/1.0/board.xml as part xcvu29p-fsga2577-2l-e specified in board_part file is either invalid or not available
WARNING: [Board 49-26] cannot add Board Part xilinx.com:vcu1525:part0:1.3 available at C:/Xilinx/Vivado/2023.2/data/xhub/boards/XilinxBoardStore/boards/Xilinx/vcu1525/1.3/board.xml as part xcvu9p-fsgd2104-2l-e specified in board_part file is either invalid or not available
WARNING: [Board 49-26] cannot add Board Part xilinx.com:vek280:part0:1.0 available at C:/Xilinx/Vivado/2023.2/data/xhub/boards/XilinxBoardStore/boards/Xilinx/vek280/production/1.0/board.xml as part xcve2802-vsvh1760-2mp-e-s specified in board_part file is either invalid or not available
WARNING: [Board 49-26] cannot add Board Part xilinx.com:vek280_es:part0:1.0 available at C:/Xilinx/Vivado/2023.2/data/xhub/boards/XilinxBoardStore/boards/Xilinx/vek280/es/rev_a/1.0/board.xml as part xcve2802-vsvh1760-2lp-e-s-es1 specified in board_part file is either invalid or not available
WARNING: [Board 49-26] cannot add Board Part xilinx.com:vek280_es:part0:1.1 available at C:/Xilinx/Vivado/2023.2/data/xhub/boards/XilinxBoardStore/boards/Xilinx/vek280/es/rev_a/1.1/board.xml as part xcve2802-vsvh1760-2lp-e-s-es1 specified in board_part file is either invalid or not available
WARNING: [Board 49-26] cannot add Board Part xilinx.com:vek280_es_revb:part0:1.0 available at C:/Xilinx/Vivado/2023.2/data/xhub/boards/XilinxBoardStore/boards/Xilinx/vek280/es/rev_b/1.0/board.xml as part xcve2802-vsvh1760-2mp-e-s-es1 specified in board_part file is either invalid or not available
WARNING: [Board 49-26] cannot add Board Part xilinx.com:vek280_es_revb:part0:1.1 available at C:/Xilinx/Vivado/2023.2/data/xhub/boards/XilinxBoardStore/boards/Xilinx/vek280/es/rev_b/1.1/board.xml as part xcve2802-vsvh1760-2mp-e-s-es1 specified in board_part file is either invalid or not available
WARNING: [Board 49-26] cannot add Board Part xilinx.com:vermeo_t1_mpsoc:part0:1.0 available at C:/Xilinx/Vivado/2023.2/data/xhub/boards/XilinxBoardStore/boards/Xilinx/vermeo_t1_mpsoc/1.0/board.xml as part xczu19eg-ffvd1760-2l-e specified in board_part file is either invalid or not available
WARNING: [Board 49-26] cannot add Board Part xilinx.com:vermeo_t1_rfsoc:part0:1.0 available at C:/Xilinx/Vivado/2023.2/data/xhub/boards/XilinxBoardStore/boards/Xilinx/vermeo_t1_rfsoc/1.0/board.xml as part xczu21dr-ffvd1156-2l-e specified in board_part file is either invalid or not available
WARNING: [Board 49-26] cannot add Board Part xilinx.com:vhk158:part0:1.0 available at C:/Xilinx/Vivado/2023.2/data/xhub/boards/XilinxBoardStore/boards/Xilinx/vhk158/production/1.0/board.xml as part xcvh1582-vsva3697-2mp-e-s specified in board_part file is either invalid or not available
WARNING: [Board 49-26] cannot add Board Part xilinx.com:vhk158:part0:1.1 available at C:/Xilinx/Vivado/2023.2/data/xhub/boards/XilinxBoardStore/boards/Xilinx/vhk158/production/1.1/board.xml as part xcvh1582-vsva3697-2mp-e-s specified in board_part file is either invalid or not available
WARNING: [Board 49-26] cannot add Board Part xilinx.com:vhk158_es:part0:1.0 available at C:/Xilinx/Vivado/2023.2/data/xhub/boards/XilinxBoardStore/boards/Xilinx/vhk158/es/1.0/board.xml as part xcvh1582-vsva3697-2mp-e-s-es1 specified in board_part file is either invalid or not available
WARNING: [Board 49-26] cannot add Board Part xilinx.com:vhk158_es:part0:1.1 available at C:/Xilinx/Vivado/2023.2/data/xhub/boards/XilinxBoardStore/boards/Xilinx/vhk158/es/1.1/board.xml as part xcvh1582-vsva3697-2mp-e-s-es1 specified in board_part file is either invalid or not available
WARNING: [Board 49-26] cannot add Board Part xilinx.com:vmk180:part0:2.2 available at C:/Xilinx/Vivado/2023.2/data/xhub/boards/XilinxBoardStore/boards/Xilinx/vmk180/production/2.2/board.xml as part xcvm1802-vsva2197-2mp-e-s specified in board_part file is either invalid or not available
WARNING: [Board 49-26] cannot add Board Part xilinx.com:vmk180:part0:3.0 available at C:/Xilinx/Vivado/2023.2/data/xhub/boards/XilinxBoardStore/boards/Xilinx/vmk180/production/3.0/board.xml as part xcvm1802-vsva2197-2mp-e-s specified in board_part file is either invalid or not available
WARNING: [Board 49-26] cannot add Board Part xilinx.com:vmk180:part0:3.1 available at C:/Xilinx/Vivado/2023.2/data/xhub/boards/XilinxBoardStore/boards/Xilinx/vmk180/production/3.1/board.xml as part xcvm1802-vsva2197-2mp-e-s specified in board_part file is either invalid or not available
WARNING: [Board 49-26] cannot add Board Part xilinx.com:vmk180:part0:3.2 available at C:/Xilinx/Vivado/2023.2/data/xhub/boards/XilinxBoardStore/boards/Xilinx/vmk180/production/3.2/board.xml as part xcvm1802-vsva2197-2mp-e-s specified in board_part file is either invalid or not available
WARNING: [Board 49-26] cannot add Board Part xilinx.com:vmk180_newl:part0:1.0 available at C:/Xilinx/Vivado/2023.2/data/xhub/boards/XilinxBoardStore/boards/Xilinx/vmk180_newl/production/1.0/board.xml as part xcvm1802-vsva2197-2mp-e-s specified in board_part file is either invalid or not available
WARNING: [Board 49-26] cannot add Board Part xilinx.com:vmk180_newl:part0:1.1 available at C:/Xilinx/Vivado/2023.2/data/xhub/boards/XilinxBoardStore/boards/Xilinx/vmk180_newl/production/1.1/board.xml as part xcvm1802-vsva2197-2mp-e-s specified in board_part file is either invalid or not available
WARNING: [Board 49-26] cannot add Board Part xilinx.com:vpk120:part0:1.0 available at C:/Xilinx/Vivado/2023.2/data/xhub/boards/XilinxBoardStore/boards/Xilinx/vpk120/production/1.0/board.xml as part xcvp1202-vsva2785-2mp-e-s specified in board_part file is either invalid or not available
WARNING: [Board 49-26] cannot add Board Part xilinx.com:vpk120:part0:1.1 available at C:/Xilinx/Vivado/2023.2/data/xhub/boards/XilinxBoardStore/boards/Xilinx/vpk120/production/1.1/board.xml as part xcvp1202-vsva2785-2mp-e-s specified in board_part file is either invalid or not available
WARNING: [Board 49-26] cannot add Board Part xilinx.com:vpk120:part0:1.2 available at C:/Xilinx/Vivado/2023.2/data/xhub/boards/XilinxBoardStore/boards/Xilinx/vpk120/production/1.2/board.xml as part xcvp1202-vsva2785-2mp-e-s specified in board_part file is either invalid or not available
WARNING: [Board 49-26] cannot add Board Part xilinx.com:vpk180:part0:1.0 available at C:/Xilinx/Vivado/2023.2/data/xhub/boards/XilinxBoardStore/boards/Xilinx/vpk180/production/1.0/board.xml as part xcvp1802-lsvc4072-2mp-e-s specified in board_part file is either invalid or not available
WARNING: [Board 49-26] cannot add Board Part xilinx.com:vpk180:part0:1.1 available at C:/Xilinx/Vivado/2023.2/data/xhub/boards/XilinxBoardStore/boards/Xilinx/vpk180/production/1.1/board.xml as part xcvp1802-lsvc4072-2mp-e-s specified in board_part file is either invalid or not available
WARNING: [Board 49-26] cannot add Board Part xilinx.com:zc706:part0:1.4 available at C:/Xilinx/Vivado/2023.2/data/xhub/boards/XilinxBoardStore/boards/Xilinx/zc706/1.4/board.xml as part xc7z045ffg900-2 specified in board_part file is either invalid or not available
WARNING: [Board 49-26] cannot add Board Part xilinx.com:zcu102:part0:3.3 available at C:/Xilinx/Vivado/2023.2/data/xhub/boards/XilinxBoardStore/boards/Xilinx/zcu102/3.3/board.xml as part xczu9eg-ffvb1156-2-e specified in board_part file is either invalid or not available
WARNING: [Board 49-26] cannot add Board Part xilinx.com:zcu102:part0:3.4 available at C:/Xilinx/Vivado/2023.2/data/xhub/boards/XilinxBoardStore/boards/Xilinx/zcu102/3.4/board.xml as part xczu9eg-ffvb1156-2-e specified in board_part file is either invalid or not available
WARNING: [Board 49-26] cannot add Board Part xilinx.com:zcu111:part0:1.2 available at C:/Xilinx/Vivado/2023.2/data/xhub/boards/XilinxBoardStore/boards/Xilinx/zcu111/1.2/board.xml as part xczu28dr-ffvg1517-2-e specified in board_part file is either invalid or not available
WARNING: [Board 49-26] cannot add Board Part xilinx.com:zcu111:part0:1.3 available at C:/Xilinx/Vivado/2023.2/data/xhub/boards/XilinxBoardStore/boards/Xilinx/zcu111/1.3/board.xml as part xczu28dr-ffvg1517-2-e specified in board_part file is either invalid or not available
WARNING: [Board 49-26] cannot add Board Part xilinx.com:zcu111:part0:1.4 available at C:/Xilinx/Vivado/2023.2/data/xhub/boards/XilinxBoardStore/boards/Xilinx/zcu111/1.4/board.xml as part xczu28dr-ffvg1517-2-e specified in board_part file is either invalid or not available
WARNING: [Board 49-26] cannot add Board Part xilinx.com:zcu1275:part0:1.0 available at C:/Xilinx/Vivado/2023.2/data/xhub/boards/XilinxBoardStore/boards/Xilinx/zcu1275/1.0/board.xml as part xczu29dr-ffvf1760-2-e specified in board_part file is either invalid or not available
WARNING: [Board 49-26] cannot add Board Part xilinx.com:zcu1285:part0:1.0 available at C:/Xilinx/Vivado/2023.2/data/xhub/boards/XilinxBoardStore/boards/Xilinx/zcu1285/1.0/board.xml as part xczu39dr-ffvf1760-2-i specified in board_part file is either invalid or not available
WARNING: [Board 49-26] cannot add Board Part xilinx.com:zcu208:part0:2.0 available at C:/Xilinx/Vivado/2023.2/data/xhub/boards/XilinxBoardStore/boards/Xilinx/zcu208/production/2.0/board.xml as part xczu48dr-fsvg1517-2-e specified in board_part file is either invalid or not available
WARNING: [Board 49-26] cannot add Board Part xilinx.com:zcu208ld:part0:2.0 available at C:/Xilinx/Vivado/2023.2/data/xhub/boards/XilinxBoardStore/boards/Xilinx/zcu208ld/production/2.0/board.xml as part xczu58dr-fsvg1517-2-i specified in board_part file is either invalid or not available
WARNING: [Board 49-26] cannot add Board Part xilinx.com:zcu216:part0:2.0 available at C:/Xilinx/Vivado/2023.2/data/xhub/boards/XilinxBoardStore/boards/Xilinx/zcu216/production/2.0/board.xml as part xczu49dr-ffvf1760-2-e specified in board_part file is either invalid or not available
WARNING: [Board 49-26] cannot add Board Part xilinx.com:zcu216ld:part0:2.0 available at C:/Xilinx/Vivado/2023.2/data/xhub/boards/XilinxBoardStore/boards/Xilinx/zcu216ld/production/2.0/board.xml as part xczu59dr-ffvf1760-2-i specified in board_part file is either invalid or not available
WARNING: [Board 49-26] cannot add Board Part xilinx.com:zcu670:part0:2.0 available at C:/Xilinx/Vivado/2023.2/data/xhub/boards/XilinxBoardStore/boards/Xilinx/zcu670/2.0/board.xml as part xczu67dr-fsve1156-2-i specified in board_part file is either invalid or not available
WARNING: [Board 49-26] cannot add Board Part xilinx.com:zcu670ld:part0:1.0 available at C:/Xilinx/Vivado/2023.2/data/xhub/boards/XilinxBoardStore/boards/Xilinx/zcu670ld/1.0/board.xml as part xczu57dr-fsve1156-2-i specified in board_part file is either invalid or not available
Scanning sources...
Finished scanning sources
INFO: [IP_Flow 19-234] Refreshing IP repositories
INFO: [IP_Flow 19-1704] No user IP repositories specified
INFO: [IP_Flow 19-2313] Loaded Vivado IP repository 'C:/Xilinx/Vivado/2023.2/data/ip'.
open_project: Time (s): cpu = 00:00:19 ; elapsed = 00:00:17 . Memory (MB): peak = 1477.266 ; gain = 282.051
update_compile_order -fileset sources_1
close_project
open_project C:/Users/coe_user/Documents/ECE574_Local/homework/hw5/assignment5.xpr
Scanning sources...
Finished scanning sources
INFO: [IP_Flow 19-234] Refreshing IP repositories
INFO: [IP_Flow 19-1704] No user IP repositories specified
INFO: [IP_Flow 19-2313] Loaded Vivado IP repository 'C:/Xilinx/Vivado/2023.2/data/ip'.
close_project
open_project C:/Users/coe_user/Documents/ECE574_Local/homework/final/FinalProject.xpr
Scanning sources...
Finished scanning sources
INFO: [IP_Flow 19-234] Refreshing IP repositories
INFO: [IP_Flow 19-1704] No user IP repositories specified
INFO: [IP_Flow 19-2313] Loaded Vivado IP repository 'C:/Xilinx/Vivado/2023.2/data/ip'.
update_compile_order -fileset sources_1
set_property top tb_decoder_module [get_filesets sim_1]
set_property top_lib xil_defaultlib [get_filesets sim_1]
update_compile_order -fileset sim_1
launch_simulation
Command: launch_simulation 
INFO: [Vivado 12-12493] Simulation top is 'tb_decoder_module'
WARNING: [Vivado 12-13340] Unable to auto find GCC executables from simulator install path! (path not set)
INFO: [Vivado 12-5698] Checking validity of IPs in the design for the 'XSim' simulator...
INFO: [Vivado 12-5682] Launching behavioral simulation in 'C:/Users/coe_user/Documents/ECE574_Local/homework/final/FinalProject.sim/sim_1/behav/xsim'
INFO: [Vivado 12-13660] Precompiled IP simulation library mode is enabled (default). The design IP libraries will be referenced from the compiled library path. Please note that if the precompiled version of the library is not found from the path or the IP is in locked state, then the library source files for these IPs will be compiled locally as part of the compile order.
INFO: [Vivado 12-4795] Using compiled simulation libraries for IPs
INFO: [SIM-utils-51] Simulation object is 'sim_1'
INFO: [SIM-utils-72] Using boost library from 'C:/Xilinx/Vivado/2023.2/tps/boost_1_72_0'
INFO: [USF-XSim-7] Finding pre-compiled libraries...
INFO: [USF-XSim-11] File 'C:/Xilinx/Vivado/2023.2/data/xsim/xsim.ini' copied to run dir:'C:/Users/coe_user/Documents/ECE574_Local/homework/final/FinalProject.sim/sim_1/behav/xsim'
INFO: [SIM-utils-54] Inspecting design source files for 'tb_decoder_module' in fileset 'sim_1'...
INFO: [SIM-utils-43] Exported 'C:/Users/coe_user/Documents/ECE574_Local/homework/final/FinalProject.sim/sim_1/behav/xsim/blk_mem_program.mif'
INFO: [SIM-utils-43] Exported 'C:/Users/coe_user/Documents/ECE574_Local/homework/final/FinalProject.sim/sim_1/behav/xsim/step1_asm_init_progmem_wo_jumpx.coe'
INFO: [SIM-utils-43] Exported 'C:/Users/coe_user/Documents/ECE574_Local/homework/final/FinalProject.sim/sim_1/behav/xsim/bram_jumpx.mif'
INFO: [USF-XSim-97] Finding global include files...
INFO: [USF-XSim-98] Fetching design files from 'sim_1'...
INFO: [USF-XSim-2] XSim::Compile design
INFO: [USF-XSim-61] Executing 'COMPILE and ANALYZE' step in 'C:/Users/coe_user/Documents/ECE574_Local/homework/final/FinalProject.sim/sim_1/behav/xsim'
"xvlog --incr --relax -L uvm -prj tb_decoder_module_vlog.prj"
ECHO is off.
ECHO is off.
INFO: [VRFC 10-2263] Analyzing SystemVerilog file "C:/Users/coe_user/Documents/ECE574_Local/homework/final/FinalProject.srcs/sources_1/new/decode_module.sv" into library xil_defaultlib
INFO: [VRFC 10-311] analyzing module decode_module
INFO: [VRFC 10-2263] Analyzing SystemVerilog file "C:/Users/coe_user/Documents/ECE574_Local/homework/final/FinalProject.srcs/sim_1/new/tb_decoder_module.sv" into library xil_defaultlib
INFO: [VRFC 10-311] analyzing module tb_decoder_module
INFO: [VRFC 10-2263] Analyzing Verilog file "C:/Users/coe_user/Documents/ECE574_Local/homework/final/FinalProject.sim/sim_1/behav/xsim/glbl.v" into library xil_defaultlib
INFO: [VRFC 10-311] analyzing module glbl
INFO: [USF-XSim-69] 'compile' step finished in '2' seconds
INFO: [USF-XSim-3] XSim::Elaborate design
INFO: [USF-XSim-61] Executing 'ELABORATE' step in 'C:/Users/coe_user/Documents/ECE574_Local/homework/final/FinalProject.sim/sim_1/behav/xsim'
"xelab --incr --debug typical --relax --mt 2 -L xil_defaultlib -L uvm -L unisims_ver -L unimacro_ver -L secureip -L xpm --snapshot tb_decoder_module_behav xil_defaultlib.tb_decoder_module xil_defaultlib.glbl -log elaborate.log"
ECHO is off.
ECHO is off.
Vivado Simulator v2023.2
Copyright 1986-2022 Xilinx, Inc. All Rights Reserved.
Copyright 2022-2023 Advanced Micro Devices, Inc. All Rights Reserved.
Running: C:/Xilinx/Vivado/2023.2/bin/unwrapped/win64.o/xelab.exe --incr --debug typical --relax --mt 2 -L xil_defaultlib -L uvm -L unisims_ver -L unimacro_ver -L secureip -L xpm --snapshot tb_decoder_module_behav xil_defaultlib.tb_decoder_module xil_defaultlib.glbl -log elaborate.log 
Using 2 slave threads.
Starting static elaboration
Pass Through NonSizing Optimizer
Completed static elaboration
Starting simulation data flow analysis
Completed simulation data flow analysis
Time Resolution for simulation is 1ps
Compiling module xil_defaultlib.decode_module
Compiling module xil_defaultlib.tb_decoder_module
Compiling module xil_defaultlib.glbl
Built simulation snapshot tb_decoder_module_behav
INFO: [USF-XSim-69] 'elaborate' step finished in '4' seconds
INFO: [USF-XSim-4] XSim::Simulate design
INFO: [USF-XSim-61] Executing 'SIMULATE' step in 'C:/Users/coe_user/Documents/ECE574_Local/homework/final/FinalProject.sim/sim_1/behav/xsim'
INFO: [USF-XSim-98] *** Running xsim
   with args "tb_decoder_module_behav -key {Behavioral:sim_1:Functional:tb_decoder_module} -tclbatch {tb_decoder_module.tcl} -log {simulate.log}"
INFO: [USF-XSim-8] Loading simulator feature
Time resolution is 1 ps
source tb_decoder_module.tcl
# set curr_wave [current_wave_config]
# if { [string length $curr_wave] == 0 } {
#   if { [llength [get_objects]] > 0} {
#     add_wave /
#     set_property needs_save false [current_wave_config]
#   } else {
#      send_msg_id Add_Wave-1 WARNING "No top level signals found. Simulator will start without a wave window. If you want to open a wave window go to 'File->New Waveform Configuration' or type 'create_wave_config' in the TCL console."
#   }
# }
# run 1000ns
INFO: [USF-XSim-96] XSim completed. Design snapshot 'tb_decoder_module_behav' loaded.
INFO: [USF-XSim-97] XSim simulation ran for 1000ns
launch_simulation: Time (s): cpu = 00:00:03 ; elapsed = 00:00:10 . Memory (MB): peak = 1542.543 ; gain = 35.605
WARNING: [IP_Flow 19-4067] Ignoring invalid widget type specified checkbox.Providing a default widget
WARNING: [IP_Flow 19-4067] Ignoring invalid widget type specified checkbox.Providing a default widget
create_ip -name blk_mem_gen -vendor xilinx.com -library ip -version 8.4 -module_name blk_mem_data
set_property -dict [list \
  CONFIG.Enable_A {Always_Enabled} \
  CONFIG.Memory_Type {Single_Port_RAM} \
  CONFIG.Register_PortA_Output_of_Memory_Primitives {false} \
  CONFIG.Write_Depth_A {256} \
  CONFIG.Write_Width_A {8} \
] [get_ips blk_mem_data]
generate_target {instantiation_template} [get_files c:/Users/coe_user/Documents/ECE574_Local/homework/final/FinalProject.srcs/sources_1/ip/blk_mem_data/blk_mem_data.xci]
INFO: [IP_Flow 19-1686] Generating 'Instantiation Template' target for IP 'blk_mem_data'...
WARNING: [filemgmt 56-199] Attempt to get parsing info during refresh. "On-the-fly" syntax checking information may be incorrect. [C:\Users\coe_user\Documents\ECE574_Local\homework\final\FinalProject.srcs\sources_1\new\ex_module.sv:]
WARNING: [filemgmt 56-199] Attempt to get parsing info during refresh. "On-the-fly" syntax checking information may be incorrect. [C:\Users\coe_user\Documents\ECE574_Local\homework\final\FinalProject.srcs\sources_1\new\top_module.sv:]
generate_target all [get_files  c:/Users/coe_user/Documents/ECE574_Local/homework/final/FinalProject.srcs/sources_1/ip/blk_mem_data/blk_mem_data.xci]
INFO: [IP_Flow 19-1686] Generating 'Synthesis' target for IP 'blk_mem_data'...
WARNING: [filemgmt 56-199] Attempt to get parsing info during refresh. "On-the-fly" syntax checking information may be incorrect. [C:\Users\coe_user\Documents\ECE574_Local\homework\final\FinalProject.srcs\sources_1\new\ex_module.sv:]
WARNING: [filemgmt 56-199] Attempt to get parsing info during refresh. "On-the-fly" syntax checking information may be incorrect. [C:\Users\coe_user\Documents\ECE574_Local\homework\final\FinalProject.srcs\sources_1\new\top_module.sv:]
INFO: [IP_Flow 19-1686] Generating 'Simulation' target for IP 'blk_mem_data'...
INFO: [IP_Flow 19-1686] Generating 'Miscellaneous' target for IP 'blk_mem_data'...
INFO: [IP_Flow 19-1686] Generating 'Change Log' target for IP 'blk_mem_data'...
catch { config_ip_cache -export [get_ips -all blk_mem_data] }
INFO: [IP_Flow 19-6924] IPCACHE: Running cache check for IP inst: blk_mem_data
export_ip_user_files -of_objects [get_files c:/Users/coe_user/Documents/ECE574_Local/homework/final/FinalProject.srcs/sources_1/ip/blk_mem_data/blk_mem_data.xci] -no_script -sync -force -quiet
create_ip_run [get_files -of_objects [get_fileset sources_1] c:/Users/coe_user/Documents/ECE574_Local/homework/final/FinalProject.srcs/sources_1/ip/blk_mem_data/blk_mem_data.xci]
launch_runs blk_mem_data_synth_1 -jobs 2
INFO: [IP_Flow 19-6924] IPCACHE: Running cache check for IP inst: blk_mem_data
[Thu Jun  6 13:42:59 2024] Launched blk_mem_data_synth_1...
Run output will be captured here: C:/Users/coe_user/Documents/ECE574_Local/homework/final/FinalProject.runs/blk_mem_data_synth_1/runme.log
ERROR: [Common 17-180] Spawn failed: No error
export_simulation -of_objects [get_files c:/Users/coe_user/Documents/ECE574_Local/homework/final/FinalProject.srcs/sources_1/ip/blk_mem_data/blk_mem_data.xci] -directory C:/Users/coe_user/Documents/ECE574_Local/homework/final/FinalProject.ip_user_files/sim_scripts -ip_user_files_dir C:/Users/coe_user/Documents/ECE574_Local/homework/final/FinalProject.ip_user_files -ipstatic_source_dir C:/Users/coe_user/Documents/ECE574_Local/homework/final/FinalProject.ip_user_files/ipstatic -lib_map_path [list {modelsim=C:/Users/coe_user/Documents/ECE574_Local/homework/final/FinalProject.cache/compile_simlib/modelsim} {questa=C:/Users/coe_user/Documents/ECE574_Local/homework/final/FinalProject.cache/compile_simlib/questa} {riviera=C:/Users/coe_user/Documents/ECE574_Local/homework/final/FinalProject.cache/compile_simlib/riviera} {activehdl=C:/Users/coe_user/Documents/ECE574_Local/homework/final/FinalProject.cache/compile_simlib/activehdl}] -use_ip_compiled_libs -force -quiet
WARNING: [filemgmt 56-199] Attempt to get parsing info during refresh. "On-the-fly" syntax checking information may be incorrect. [C:\Users\coe_user\Documents\ECE574_Local\homework\final\FinalProject.srcs\sources_1\new\ex_module.sv:]
WARNING: [filemgmt 56-199] Attempt to get parsing info during refresh. "On-the-fly" syntax checking information may be incorrect. [C:\Users\coe_user\Documents\ECE574_Local\homework\final\FinalProject.srcs\sources_1\new\top_module.sv:]
ERROR: [Common 17-180] Spawn failed: No error
WARNING: [filemgmt 56-199] Attempt to get parsing info during refresh. "On-the-fly" syntax checking information may be incorrect. [C:\Users\coe_user\Documents\ECE574_Local\homework\final\FinalProject.srcs\sources_1\new\ex_module.sv:]
WARNING: [filemgmt 56-199] Attempt to get parsing info during refresh. "On-the-fly" syntax checking information may be incorrect. [C:\Users\coe_user\Documents\ECE574_Local\homework\final\FinalProject.srcs\sources_1\new\top_module.sv:]
ERROR: [Common 17-180] Spawn failed: No error
WARNING: [filemgmt 56-199] Attempt to get parsing info during refresh. "On-the-fly" syntax checking information may be incorrect. [C:\Users\coe_user\Documents\ECE574_Local\homework\final\FinalProject.srcs\sources_1\new\if_module.sv:]
WARNING: [filemgmt 56-199] Attempt to get parsing info during refresh. "On-the-fly" syntax checking information may be incorrect. [C:\Users\coe_user\Documents\ECE574_Local\homework\final\FinalProject.srcs\sources_1\new\ex_module.sv:]
WARNING: [filemgmt 56-199] Attempt to get parsing info during refresh. "On-the-fly" syntax checking information may be incorrect. [C:\Users\coe_user\Documents\ECE574_Local\homework\final\FinalProject.srcs\sources_1\new\top_module.sv:]
WARNING: [filemgmt 56-199] Attempt to get parsing info during refresh. "On-the-fly" syntax checking information may be incorrect. [C:\Users\coe_user\Documents\ECE574_Local\homework\final\FinalProject.srcs\sources_1\new\if_module.sv:]
WARNING: [filemgmt 56-199] Attempt to get parsing info during refresh. "On-the-fly" syntax checking information may be incorrect. [C:\Users\coe_user\Documents\ECE574_Local\homework\final\FinalProject.srcs\sources_1\new\ex_module.sv:]
WARNING: [filemgmt 56-199] Attempt to get parsing info during refresh. "On-the-fly" syntax checking information may be incorrect. [C:\Users\coe_user\Documents\ECE574_Local\homework\final\FinalProject.srcs\sources_1\new\top_module.sv:]
WARNING: [filemgmt 56-199] Attempt to get parsing info during refresh. "On-the-fly" syntax checking information may be incorrect. [C:\Users\coe_user\Documents\ECE574_Local\homework\final\FinalProject.srcs\sources_1\new\if_module.sv:]
WARNING: [filemgmt 56-199] Attempt to get parsing info during refresh. "On-the-fly" syntax checking information may be incorrect. [C:\Users\coe_user\Documents\ECE574_Local\homework\final\FinalProject.srcs\sources_1\new\ex_module.sv:]
WARNING: [filemgmt 56-199] Attempt to get parsing info during refresh. "On-the-fly" syntax checking information may be incorrect. [C:\Users\coe_user\Documents\ECE574_Local\homework\final\FinalProject.srcs\sources_1\new\top_module.sv:]
WARNING: [filemgmt 56-199] Attempt to get parsing info during refresh. "On-the-fly" syntax checking information may be incorrect. [C:\Users\coe_user\Documents\ECE574_Local\homework\final\FinalProject.srcs\sources_1\new\if_module.sv:]
WARNING: [filemgmt 56-199] Attempt to get parsing info during refresh. "On-the-fly" syntax checking information may be incorrect. [C:\Users\coe_user\Documents\ECE574_Local\homework\final\FinalProject.srcs\sources_1\new\ex_module.sv:]
WARNING: [filemgmt 56-199] Attempt to get parsing info during refresh. "On-the-fly" syntax checking information may be incorrect. [C:\Users\coe_user\Documents\ECE574_Local\homework\final\FinalProject.srcs\sources_1\new\top_module.sv:]
WARNING: [filemgmt 56-199] Attempt to get parsing info during refresh. "On-the-fly" syntax checking information may be incorrect. [C:\Users\coe_user\Documents\ECE574_Local\homework\final\FinalProject.srcs\sources_1\new\if_module.sv:]
WARNING: [filemgmt 56-199] Attempt to get parsing info during refresh. "On-the-fly" syntax checking information may be incorrect. [C:\Users\coe_user\Documents\ECE574_Local\homework\final\FinalProject.srcs\sources_1\new\ex_module.sv:]
WARNING: [filemgmt 56-199] Attempt to get parsing info during refresh. "On-the-fly" syntax checking information may be incorrect. [C:\Users\coe_user\Documents\ECE574_Local\homework\final\FinalProject.srcs\sources_1\new\top_module.sv:]
WARNING: [filemgmt 56-199] Attempt to get parsing info during refresh. "On-the-fly" syntax checking information may be incorrect. [C:\Users\coe_user\Documents\ECE574_Local\homework\final\FinalProject.srcs\sources_1\new\if_module.sv:]
WARNING: [filemgmt 56-199] Attempt to get parsing info during refresh. "On-the-fly" syntax checking information may be incorrect. [C:\Users\coe_user\Documents\ECE574_Local\homework\final\FinalProject.srcs\sources_1\new\ex_module.sv:]
WARNING: [filemgmt 56-199] Attempt to get parsing info during refresh. "On-the-fly" syntax checking information may be incorrect. [C:\Users\coe_user\Documents\ECE574_Local\homework\final\FinalProject.srcs\sources_1\new\top_module.sv:]
WARNING: [IP_Flow 19-4067] Ignoring invalid widget type specified checkbox.Providing a default widget
WARNING: [IP_Flow 19-4067] Ignoring invalid widget type specified checkbox.Providing a default widget
export_ip_user_files -of_objects  [get_files C:/Users/coe_user/Documents/ECE574_Local/homework/final/FinalProject.srcs/sources_1/ip/bram_jumpx/bram_jumpx.xci] -no_script -reset -force -quiet
remove_files  -fileset bram_jumpx C:/Users/coe_user/Documents/ECE574_Local/homework/final/FinalProject.srcs/sources_1/ip/bram_jumpx/bram_jumpx.xci
WARNING: [Vivado 12-1017] Problems encountered:
1. Failed to delete one or more files in run directory C:/Users/coe_user/Documents/ECE574_Local/homework/final/FinalProject.runs/bram_jumpx_synth_1

INFO: [Project 1-386] Moving file 'C:/Users/coe_user/Documents/ECE574_Local/homework/final/FinalProject.srcs/sources_1/ip/bram_jumpx/bram_jumpx.xci' from fileset 'bram_jumpx' to fileset 'sources_1'.
file delete -force C:/Users/coe_user/Documents/ECE574_Local/homework/final/FinalProject.srcs/sources_1/ip/bram_jumpx
file delete -force c:/Users/coe_user/Documents/ECE574_Local/homework/final/FinalProject.gen/sources_1/ip/bram_jumpx
WARNING: [filemgmt 56-199] Attempt to get parsing info during refresh. "On-the-fly" syntax checking information may be incorrect. [C:\Users\coe_user\Documents\ECE574_Local\homework\final\FinalProject.srcs\sources_1\new\if_module.sv:]
WARNING: [filemgmt 56-199] Attempt to get parsing info during refresh. "On-the-fly" syntax checking information may be incorrect. [C:\Users\coe_user\Documents\ECE574_Local\homework\final\FinalProject.srcs\sources_1\new\ex_module.sv:]
WARNING: [filemgmt 56-199] Attempt to get parsing info during refresh. "On-the-fly" syntax checking information may be incorrect. [C:\Users\coe_user\Documents\ECE574_Local\homework\final\FinalProject.srcs\sources_1\new\top_module.sv:]
WARNING: [filemgmt 56-199] Attempt to get parsing info during refresh. "On-the-fly" syntax checking information may be incorrect. [C:\Users\coe_user\Documents\ECE574_Local\homework\final\FinalProject.srcs\sources_1\new\if_module.sv:]
WARNING: [filemgmt 56-199] Attempt to get parsing info during refresh. "On-the-fly" syntax checking information may be incorrect. [C:\Users\coe_user\Documents\ECE574_Local\homework\final\FinalProject.srcs\sources_1\new\ex_module.sv:]
WARNING: [filemgmt 56-199] Attempt to get parsing info during refresh. "On-the-fly" syntax checking information may be incorrect. [C:\Users\coe_user\Documents\ECE574_Local\homework\final\FinalProject.srcs\sources_1\new\top_module.sv:]
WARNING: [filemgmt 56-199] Attempt to get parsing info during refresh. "On-the-fly" syntax checking information may be incorrect. [C:\Users\coe_user\Documents\ECE574_Local\homework\final\FinalProject.srcs\sources_1\new\if_module.sv:]
WARNING: [filemgmt 56-199] Attempt to get parsing info during refresh. "On-the-fly" syntax checking information may be incorrect. [C:\Users\coe_user\Documents\ECE574_Local\homework\final\FinalProject.srcs\sources_1\new\ex_module.sv:]
WARNING: [filemgmt 56-199] Attempt to get parsing info during refresh. "On-the-fly" syntax checking information may be incorrect. [C:\Users\coe_user\Documents\ECE574_Local\homework\final\FinalProject.srcs\sources_1\new\top_module.sv:]
WARNING: [filemgmt 56-199] Attempt to get parsing info during refresh. "On-the-fly" syntax checking information may be incorrect. [C:\Users\coe_user\Documents\ECE574_Local\homework\final\FinalProject.srcs\sources_1\new\if_module.sv:]
WARNING: [filemgmt 56-199] Attempt to get parsing info during refresh. "On-the-fly" syntax checking information may be incorrect. [C:\Users\coe_user\Documents\ECE574_Local\homework\final\FinalProject.srcs\sources_1\new\ex_module.sv:]
WARNING: [filemgmt 56-199] Attempt to get parsing info during refresh. "On-the-fly" syntax checking information may be incorrect. [C:\Users\coe_user\Documents\ECE574_Local\homework\final\FinalProject.srcs\sources_1\new\top_module.sv:]
WARNING: [filemgmt 56-199] Attempt to get parsing info during refresh. "On-the-fly" syntax checking information may be incorrect. [C:\Users\coe_user\Documents\ECE574_Local\homework\final\FinalProject.srcs\sources_1\new\if_module.sv:]
WARNING: [filemgmt 56-199] Attempt to get parsing info during refresh. "On-the-fly" syntax checking information may be incorrect. [C:\Users\coe_user\Documents\ECE574_Local\homework\final\FinalProject.srcs\sources_1\new\ex_module.sv:]
WARNING: [filemgmt 56-199] Attempt to get parsing info during refresh. "On-the-fly" syntax checking information may be incorrect. [C:\Users\coe_user\Documents\ECE574_Local\homework\final\FinalProject.srcs\sources_1\new\top_module.sv:]
WARNING: [filemgmt 56-199] Attempt to get parsing info during refresh. "On-the-fly" syntax checking information may be incorrect. [C:\Users\coe_user\Documents\ECE574_Local\homework\final\FinalProject.srcs\sources_1\new\if_module.sv:]
WARNING: [filemgmt 56-199] Attempt to get parsing info during refresh. "On-the-fly" syntax checking information may be incorrect. [C:\Users\coe_user\Documents\ECE574_Local\homework\final\FinalProject.srcs\sources_1\new\ex_module.sv:]
WARNING: [filemgmt 56-199] Attempt to get parsing info during refresh. "On-the-fly" syntax checking information may be incorrect. [C:\Users\coe_user\Documents\ECE574_Local\homework\final\FinalProject.srcs\sources_1\new\top_module.sv:]
WARNING: [IP_Flow 19-4067] Ignoring invalid widget type specified checkbox.Providing a default widget
WARNING: [IP_Flow 19-4067] Ignoring invalid widget type specified checkbox.Providing a default widget
WARNING: [filemgmt 56-199] Attempt to get parsing info during refresh. "On-the-fly" syntax checking information may be incorrect. [C:\Users\coe_user\Documents\ECE574_Local\homework\final\FinalProject.srcs\sources_1\new\if_module.sv:]
WARNING: [filemgmt 56-199] Attempt to get parsing info during refresh. "On-the-fly" syntax checking information may be incorrect. [C:\Users\coe_user\Documents\ECE574_Local\homework\final\FinalProject.srcs\sources_1\new\ex_module.sv:]
ERROR: [Common 17-180] Spawn failed: No error
WARNING: [filemgmt 56-199] Attempt to get parsing info during refresh. "On-the-fly" syntax checking information may be incorrect. [C:\Users\coe_user\Documents\ECE574_Local\homework\final\FinalProject.srcs\sources_1\new\if_module.sv:]
WARNING: [filemgmt 56-199] Attempt to get parsing info during refresh. "On-the-fly" syntax checking information may be incorrect. [C:\Users\coe_user\Documents\ECE574_Local\homework\final\FinalProject.srcs\sources_1\new\ex_module.sv:]
ERROR: [Common 17-180] Spawn failed: No error
WARNING: [filemgmt 56-199] Attempt to get parsing info during refresh. "On-the-fly" syntax checking information may be incorrect. [C:\Users\coe_user\Documents\ECE574_Local\homework\final\FinalProject.srcs\sources_1\new\if_module.sv:]
WARNING: [filemgmt 56-199] Attempt to get parsing info during refresh. "On-the-fly" syntax checking information may be incorrect. [C:\Users\coe_user\Documents\ECE574_Local\homework\final\FinalProject.srcs\sources_1\new\ex_module.sv:]
ERROR: [Common 17-180] Spawn failed: No error
WARNING: [filemgmt 56-199] Attempt to get parsing info during refresh. "On-the-fly" syntax checking information may be incorrect. [C:\Users\coe_user\Documents\ECE574_Local\homework\final\FinalProject.srcs\sources_1\new\if_module.sv:]
WARNING: [filemgmt 56-199] Attempt to get parsing info during refresh. "On-the-fly" syntax checking information may be incorrect. [C:\Users\coe_user\Documents\ECE574_Local\homework\final\FinalProject.srcs\sources_1\new\ex_module.sv:]
ERROR: [Common 17-180] Spawn failed: No error
WARNING: [filemgmt 56-199] Attempt to get parsing info during refresh. "On-the-fly" syntax checking information may be incorrect. [C:\Users\coe_user\Documents\ECE574_Local\homework\final\FinalProject.srcs\sources_1\new\if_module.sv:]
WARNING: [filemgmt 56-199] Attempt to get parsing info during refresh. "On-the-fly" syntax checking information may be incorrect. [C:\Users\coe_user\Documents\ECE574_Local\homework\final\FinalProject.srcs\sources_1\new\ex_module.sv:]
ERROR: [Common 17-180] Spawn failed: No error
WARNING: [filemgmt 56-199] Attempt to get parsing info during refresh. "On-the-fly" syntax checking information may be incorrect. [C:\Users\coe_user\Documents\ECE574_Local\homework\final\FinalProject.srcs\sources_1\new\if_module.sv:]
WARNING: [filemgmt 56-199] Attempt to get parsing info during refresh. "On-the-fly" syntax checking information may be incorrect. [C:\Users\coe_user\Documents\ECE574_Local\homework\final\FinalProject.srcs\sources_1\new\ex_module.sv:]
ERROR: [Common 17-180] Spawn failed: No error
WARNING: [filemgmt 56-199] Attempt to get parsing info during refresh. "On-the-fly" syntax checking information may be incorrect. [C:\Users\coe_user\Documents\ECE574_Local\homework\final\FinalProject.srcs\sources_1\new\if_module.sv:]
WARNING: [filemgmt 56-199] Attempt to get parsing info during refresh. "On-the-fly" syntax checking information may be incorrect. [C:\Users\coe_user\Documents\ECE574_Local\homework\final\FinalProject.srcs\sources_1\new\ex_module.sv:]
ERROR: [Common 17-180] Spawn failed: No error
WARNING: [filemgmt 56-199] Attempt to get parsing info during refresh. "On-the-fly" syntax checking information may be incorrect. [C:\Users\coe_user\Documents\ECE574_Local\homework\final\FinalProject.srcs\sources_1\new\if_module.sv:]
WARNING: [filemgmt 56-199] Attempt to get parsing info during refresh. "On-the-fly" syntax checking information may be incorrect. [C:\Users\coe_user\Documents\ECE574_Local\homework\final\FinalProject.srcs\sources_1\new\ex_module.sv:]
ERROR: [Common 17-180] Spawn failed: No error
WARNING: [filemgmt 56-199] Attempt to get parsing info during refresh. "On-the-fly" syntax checking information may be incorrect. [C:\Users\coe_user\Documents\ECE574_Local\homework\final\FinalProject.srcs\sources_1\new\if_module.sv:]
WARNING: [filemgmt 56-199] Attempt to get parsing info during refresh. "On-the-fly" syntax checking information may be incorrect. [C:\Users\coe_user\Documents\ECE574_Local\homework\final\FinalProject.srcs\sources_1\new\ex_module.sv:]
ERROR: [Common 17-180] Spawn failed: No error
WARNING: [filemgmt 56-199] Attempt to get parsing info during refresh. "On-the-fly" syntax checking information may be incorrect. [C:\Users\coe_user\Documents\ECE574_Local\homework\final\FinalProject.srcs\sources_1\new\if_module.sv:]
WARNING: [filemgmt 56-199] Attempt to get parsing info during refresh. "On-the-fly" syntax checking information may be incorrect. [C:\Users\coe_user\Documents\ECE574_Local\homework\final\FinalProject.srcs\sources_1\new\ex_module.sv:]
ERROR: [Common 17-180] Spawn failed: No error
WARNING: [filemgmt 56-199] Attempt to get parsing info during refresh. "On-the-fly" syntax checking information may be incorrect. [C:\Users\coe_user\Documents\ECE574_Local\homework\final\FinalProject.srcs\sources_1\new\if_module.sv:]
WARNING: [filemgmt 56-199] Attempt to get parsing info during refresh. "On-the-fly" syntax checking information may be incorrect. [C:\Users\coe_user\Documents\ECE574_Local\homework\final\FinalProject.srcs\sources_1\new\ex_module.sv:]
ERROR: [Common 17-180] Spawn failed: No error
WARNING: [filemgmt 56-199] Attempt to get parsing info during refresh. "On-the-fly" syntax checking information may be incorrect. [C:\Users\coe_user\Documents\ECE574_Local\homework\final\FinalProject.srcs\sources_1\new\if_module.sv:]
WARNING: [filemgmt 56-199] Attempt to get parsing info during refresh. "On-the-fly" syntax checking information may be incorrect. [C:\Users\coe_user\Documents\ECE574_Local\homework\final\FinalProject.srcs\sources_1\new\ex_module.sv:]
ERROR: [Common 17-180] Spawn failed: No error
WARNING: [filemgmt 56-199] Attempt to get parsing info during refresh. "On-the-fly" syntax checking information may be incorrect. [C:\Users\coe_user\Documents\ECE574_Local\homework\final\FinalProject.srcs\sources_1\new\if_module.sv:]
WARNING: [filemgmt 56-199] Attempt to get parsing info during refresh. "On-the-fly" syntax checking information may be incorrect. [C:\Users\coe_user\Documents\ECE574_Local\homework\final\FinalProject.srcs\sources_1\new\ex_module.sv:]
WARNING: [filemgmt 56-199] Attempt to get parsing info during refresh. "On-the-fly" syntax checking information may be incorrect. [C:\Users\coe_user\Documents\ECE574_Local\homework\final\FinalProject.srcs\sources_1\new\top_module.sv:]
WARNING: [filemgmt 56-199] Attempt to get parsing info during refresh. "On-the-fly" syntax checking information may be incorrect. [C:\Users\coe_user\Documents\ECE574_Local\homework\final\FinalProject.srcs\sources_1\new\if_module.sv:]
WARNING: [filemgmt 56-199] Attempt to get parsing info during refresh. "On-the-fly" syntax checking information may be incorrect. [C:\Users\coe_user\Documents\ECE574_Local\homework\final\FinalProject.srcs\sources_1\new\ex_module.sv:]
WARNING: [filemgmt 56-199] Attempt to get parsing info during refresh. "On-the-fly" syntax checking information may be incorrect. [C:\Users\coe_user\Documents\ECE574_Local\homework\final\FinalProject.srcs\sources_1\new\top_module.sv:]
WARNING: [filemgmt 56-199] Attempt to get parsing info during refresh. "On-the-fly" syntax checking information may be incorrect. [C:\Users\coe_user\Documents\ECE574_Local\homework\final\FinalProject.srcs\sources_1\new\if_module.sv:]
WARNING: [filemgmt 56-199] Attempt to get parsing info during refresh. "On-the-fly" syntax checking information may be incorrect. [C:\Users\coe_user\Documents\ECE574_Local\homework\final\FinalProject.srcs\sources_1\new\ex_module.sv:]
WARNING: [filemgmt 56-199] Attempt to get parsing info during refresh. "On-the-fly" syntax checking information may be incorrect. [C:\Users\coe_user\Documents\ECE574_Local\homework\final\FinalProject.srcs\sources_1\new\top_module.sv:]
WARNING: [filemgmt 56-199] Attempt to get parsing info during refresh. "On-the-fly" syntax checking information may be incorrect. [C:\Users\coe_user\Documents\ECE574_Local\homework\final\FinalProject.srcs\sources_1\new\if_module.sv:]
WARNING: [filemgmt 56-199] Attempt to get parsing info during refresh. "On-the-fly" syntax checking information may be incorrect. [C:\Users\coe_user\Documents\ECE574_Local\homework\final\FinalProject.srcs\sources_1\new\ex_module.sv:]
WARNING: [filemgmt 56-199] Attempt to get parsing info during refresh. "On-the-fly" syntax checking information may be incorrect. [C:\Users\coe_user\Documents\ECE574_Local\homework\final\FinalProject.srcs\sources_1\new\top_module.sv:]
WARNING: [filemgmt 56-199] Attempt to get parsing info during refresh. "On-the-fly" syntax checking information may be incorrect. [C:\Users\coe_user\Documents\ECE574_Local\homework\final\FinalProject.srcs\sources_1\new\if_module.sv:]
WARNING: [filemgmt 56-199] Attempt to get parsing info during refresh. "On-the-fly" syntax checking information may be incorrect. [C:\Users\coe_user\Documents\ECE574_Local\homework\final\FinalProject.srcs\sources_1\new\ex_module.sv:]
WARNING: [filemgmt 56-199] Attempt to get parsing info during refresh. "On-the-fly" syntax checking information may be incorrect. [C:\Users\coe_user\Documents\ECE574_Local\homework\final\FinalProject.srcs\sources_1\new\top_module.sv:]
WARNING: [filemgmt 56-199] Attempt to get parsing info during refresh. "On-the-fly" syntax checking information may be incorrect. [C:\Users\coe_user\Documents\ECE574_Local\homework\final\FinalProject.srcs\sources_1\new\if_module.sv:]
WARNING: [filemgmt 56-199] Attempt to get parsing info during refresh. "On-the-fly" syntax checking information may be incorrect. [C:\Users\coe_user\Documents\ECE574_Local\homework\final\FinalProject.srcs\sources_1\new\ex_module.sv:]
WARNING: [filemgmt 56-199] Attempt to get parsing info during refresh. "On-the-fly" syntax checking information may be incorrect. [C:\Users\coe_user\Documents\ECE574_Local\homework\final\FinalProject.srcs\sources_1\new\top_module.sv:]
WARNING: [filemgmt 56-199] Attempt to get parsing info during refresh. "On-the-fly" syntax checking information may be incorrect. [C:\Users\coe_user\Documents\ECE574_Local\homework\final\FinalProject.srcs\sources_1\new\if_module.sv:]
WARNING: [filemgmt 56-199] Attempt to get parsing info during refresh. "On-the-fly" syntax checking information may be incorrect. [C:\Users\coe_user\Documents\ECE574_Local\homework\final\FinalProject.srcs\sources_1\new\ex_module.sv:]
WARNING: [filemgmt 56-199] Attempt to get parsing info during refresh. "On-the-fly" syntax checking information may be incorrect. [C:\Users\coe_user\Documents\ECE574_Local\homework\final\FinalProject.srcs\sources_1\new\top_module.sv:]
WARNING: [filemgmt 56-199] Attempt to get parsing info during refresh. "On-the-fly" syntax checking information may be incorrect. [C:\Users\coe_user\Documents\ECE574_Local\homework\final\FinalProject.srcs\sources_1\new\if_module.sv:]
WARNING: [filemgmt 56-199] Attempt to get parsing info during refresh. "On-the-fly" syntax checking information may be incorrect. [C:\Users\coe_user\Documents\ECE574_Local\homework\final\FinalProject.srcs\sources_1\new\ex_module.sv:]
WARNING: [filemgmt 56-199] Attempt to get parsing info during refresh. "On-the-fly" syntax checking information may be incorrect. [C:\Users\coe_user\Documents\ECE574_Local\homework\final\FinalProject.srcs\sources_1\new\top_module.sv:]
WARNING: [filemgmt 56-199] Attempt to get parsing info during refresh. "On-the-fly" syntax checking information may be incorrect. [C:\Users\coe_user\Documents\ECE574_Local\homework\final\FinalProject.srcs\sources_1\new\if_module.sv:]
WARNING: [filemgmt 56-199] Attempt to get parsing info during refresh. "On-the-fly" syntax checking information may be incorrect. [C:\Users\coe_user\Documents\ECE574_Local\homework\final\FinalProject.srcs\sources_1\new\ex_module.sv:]
WARNING: [filemgmt 56-199] Attempt to get parsing info during refresh. "On-the-fly" syntax checking information may be incorrect. [C:\Users\coe_user\Documents\ECE574_Local\homework\final\FinalProject.srcs\sources_1\new\top_module.sv:]
WARNING: [filemgmt 56-199] Attempt to get parsing info during refresh. "On-the-fly" syntax checking information may be incorrect. [C:\Users\coe_user\Documents\ECE574_Local\homework\final\FinalProject.srcs\sources_1\new\if_module.sv:]
WARNING: [filemgmt 56-199] Attempt to get parsing info during refresh. "On-the-fly" syntax checking information may be incorrect. [C:\Users\coe_user\Documents\ECE574_Local\homework\final\FinalProject.srcs\sources_1\new\ex_module.sv:]
WARNING: [filemgmt 56-199] Attempt to get parsing info during refresh. "On-the-fly" syntax checking information may be incorrect. [C:\Users\coe_user\Documents\ECE574_Local\homework\final\FinalProject.srcs\sources_1\new\top_module.sv:]
WARNING: [filemgmt 56-199] Attempt to get parsing info during refresh. "On-the-fly" syntax checking information may be incorrect. [C:\Users\coe_user\Documents\ECE574_Local\homework\final\FinalProject.srcs\sources_1\new\if_module.sv:]
WARNING: [filemgmt 56-199] Attempt to get parsing info during refresh. "On-the-fly" syntax checking information may be incorrect. [C:\Users\coe_user\Documents\ECE574_Local\homework\final\FinalProject.srcs\sources_1\new\ex_module.sv:]
WARNING: [filemgmt 56-199] Attempt to get parsing info during refresh. "On-the-fly" syntax checking information may be incorrect. [C:\Users\coe_user\Documents\ECE574_Local\homework\final\FinalProject.srcs\sources_1\new\top_module.sv:]
WARNING: [filemgmt 56-199] Attempt to get parsing info during refresh. "On-the-fly" syntax checking information may be incorrect. [C:\Users\coe_user\Documents\ECE574_Local\homework\final\FinalProject.srcs\sources_1\new\if_module.sv:]
WARNING: [filemgmt 56-199] Attempt to get parsing info during refresh. "On-the-fly" syntax checking information may be incorrect. [C:\Users\coe_user\Documents\ECE574_Local\homework\final\FinalProject.srcs\sources_1\new\ex_module.sv:]
WARNING: [filemgmt 56-199] Attempt to get parsing info during refresh. "On-the-fly" syntax checking information may be incorrect. [C:\Users\coe_user\Documents\ECE574_Local\homework\final\FinalProject.srcs\sources_1\new\top_module.sv:]
WARNING: [filemgmt 56-199] Attempt to get parsing info during refresh. "On-the-fly" syntax checking information may be incorrect. [C:\Users\coe_user\Documents\ECE574_Local\homework\final\FinalProject.srcs\sources_1\new\if_module.sv:]
WARNING: [filemgmt 56-199] Attempt to get parsing info during refresh. "On-the-fly" syntax checking information may be incorrect. [C:\Users\coe_user\Documents\ECE574_Local\homework\final\FinalProject.srcs\sources_1\new\ex_module.sv:]
WARNING: [filemgmt 56-199] Attempt to get parsing info during refresh. "On-the-fly" syntax checking information may be incorrect. [C:\Users\coe_user\Documents\ECE574_Local\homework\final\FinalProject.srcs\sources_1\new\top_module.sv:]
WARNING: [filemgmt 56-199] Attempt to get parsing info during refresh. "On-the-fly" syntax checking information may be incorrect. [C:\Users\coe_user\Documents\ECE574_Local\homework\final\FinalProject.srcs\sources_1\new\if_module.sv:]
WARNING: [filemgmt 56-199] Attempt to get parsing info during refresh. "On-the-fly" syntax checking information may be incorrect. [C:\Users\coe_user\Documents\ECE574_Local\homework\final\FinalProject.srcs\sources_1\new\if_module.sv:]
WARNING: [filemgmt 56-199] Attempt to get parsing info during refresh. "On-the-fly" syntax checking information may be incorrect. [C:\Users\coe_user\Documents\ECE574_Local\homework\final\FinalProject.srcs\sources_1\new\ex_module.sv:]
WARNING: [filemgmt 56-199] Attempt to get parsing info during refresh. "On-the-fly" syntax checking information may be incorrect. [C:\Users\coe_user\Documents\ECE574_Local\homework\final\FinalProject.srcs\sources_1\new\top_module.sv:]
WARNING: [filemgmt 56-199] Attempt to get parsing info during refresh. "On-the-fly" syntax checking information may be incorrect. [C:\Users\coe_user\Documents\ECE574_Local\homework\final\FinalProject.srcs\sources_1\new\if_module.sv:]
WARNING: [filemgmt 56-199] Attempt to get parsing info during refresh. "On-the-fly" syntax checking information may be incorrect. [C:\Users\coe_user\Documents\ECE574_Local\homework\final\FinalProject.srcs\sources_1\new\if_module.sv:]
WARNING: [filemgmt 56-199] Attempt to get parsing info during refresh. "On-the-fly" syntax checking information may be incorrect. [C:\Users\coe_user\Documents\ECE574_Local\homework\final\FinalProject.srcs\sources_1\new\ex_module.sv:]
WARNING: [filemgmt 56-199] Attempt to get parsing info during refresh. "On-the-fly" syntax checking information may be incorrect. [C:\Users\coe_user\Documents\ECE574_Local\homework\final\FinalProject.srcs\sources_1\new\top_module.sv:]
WARNING: [filemgmt 56-199] Attempt to get parsing info during refresh. "On-the-fly" syntax checking information may be incorrect. [C:\Users\coe_user\Documents\ECE574_Local\homework\final\FinalProject.srcs\sources_1\new\if_module.sv:]
WARNING: [filemgmt 56-199] Attempt to get parsing info during refresh. "On-the-fly" syntax checking information may be incorrect. [C:\Users\coe_user\Documents\ECE574_Local\homework\final\FinalProject.srcs\sources_1\new\ex_module.sv:]
WARNING: [filemgmt 56-199] Attempt to get parsing info during refresh. "On-the-fly" syntax checking information may be incorrect. [C:\Users\coe_user\Documents\ECE574_Local\homework\final\FinalProject.srcs\sources_1\new\top_module.sv:]
WARNING: [filemgmt 56-199] Attempt to get parsing info during refresh. "On-the-fly" syntax checking information may be incorrect. [C:\Users\coe_user\Documents\ECE574_Local\homework\final\FinalProject.srcs\sources_1\new\if_module.sv:]
WARNING: [filemgmt 56-199] Attempt to get parsing info during refresh. "On-the-fly" syntax checking information may be incorrect. [C:\Users\coe_user\Documents\ECE574_Local\homework\final\FinalProject.srcs\sources_1\new\ex_module.sv:]
WARNING: [filemgmt 56-199] Attempt to get parsing info during refresh. "On-the-fly" syntax checking information may be incorrect. [C:\Users\coe_user\Documents\ECE574_Local\homework\final\FinalProject.srcs\sources_1\new\top_module.sv:]
WARNING: [filemgmt 56-199] Attempt to get parsing info during refresh. "On-the-fly" syntax checking information may be incorrect. [C:\Users\coe_user\Documents\ECE574_Local\homework\final\FinalProject.srcs\sources_1\new\if_module.sv:]
WARNING: [filemgmt 56-199] Attempt to get parsing info during refresh. "On-the-fly" syntax checking information may be incorrect. [C:\Users\coe_user\Documents\ECE574_Local\homework\final\FinalProject.srcs\sources_1\new\ex_module.sv:]
WARNING: [filemgmt 56-199] Attempt to get parsing info during refresh. "On-the-fly" syntax checking information may be incorrect. [C:\Users\coe_user\Documents\ECE574_Local\homework\final\FinalProject.srcs\sources_1\new\top_module.sv:]
WARNING: [filemgmt 56-199] Attempt to get parsing info during refresh. "On-the-fly" syntax checking information may be incorrect. [C:\Users\coe_user\Documents\ECE574_Local\homework\final\FinalProject.srcs\sources_1\new\if_module.sv:]
WARNING: [filemgmt 56-199] Attempt to get parsing info during refresh. "On-the-fly" syntax checking information may be incorrect. [C:\Users\coe_user\Documents\ECE574_Local\homework\final\FinalProject.srcs\sources_1\new\ex_module.sv:]
WARNING: [filemgmt 56-199] Attempt to get parsing info during refresh. "On-the-fly" syntax checking information may be incorrect. [C:\Users\coe_user\Documents\ECE574_Local\homework\final\FinalProject.srcs\sources_1\new\top_module.sv:]
WARNING: [filemgmt 56-199] Attempt to get parsing info during refresh. "On-the-fly" syntax checking information may be incorrect. [C:\Users\coe_user\Documents\ECE574_Local\homework\final\FinalProject.srcs\sources_1\new\if_module.sv:]
WARNING: [filemgmt 56-199] Attempt to get parsing info during refresh. "On-the-fly" syntax checking information may be incorrect. [C:\Users\coe_user\Documents\ECE574_Local\homework\final\FinalProject.srcs\sources_1\new\ex_module.sv:]
WARNING: [filemgmt 56-199] Attempt to get parsing info during refresh. "On-the-fly" syntax checking information may be incorrect. [C:\Users\coe_user\Documents\ECE574_Local\homework\final\FinalProject.srcs\sources_1\new\top_module.sv:]
WARNING: [filemgmt 56-199] Attempt to get parsing info during refresh. "On-the-fly" syntax checking information may be incorrect. [C:\Users\coe_user\Documents\ECE574_Local\homework\final\FinalProject.srcs\sources_1\new\if_module.sv:]
WARNING: [filemgmt 56-199] Attempt to get parsing info during refresh. "On-the-fly" syntax checking information may be incorrect. [C:\Users\coe_user\Documents\ECE574_Local\homework\final\FinalProject.srcs\sources_1\new\ex_module.sv:]
WARNING: [filemgmt 56-199] Attempt to get parsing info during refresh. "On-the-fly" syntax checking information may be incorrect. [C:\Users\coe_user\Documents\ECE574_Local\homework\final\FinalProject.srcs\sources_1\new\top_module.sv:]
WARNING: [filemgmt 56-199] Attempt to get parsing info during refresh. "On-the-fly" syntax checking information may be incorrect. [C:\Users\coe_user\Documents\ECE574_Local\homework\final\FinalProject.srcs\sources_1\new\if_module.sv:]
WARNING: [filemgmt 56-199] Attempt to get parsing info during refresh. "On-the-fly" syntax checking information may be incorrect. [C:\Users\coe_user\Documents\ECE574_Local\homework\final\FinalProject.srcs\sources_1\new\ex_module.sv:]
WARNING: [filemgmt 56-199] Attempt to get parsing info during refresh. "On-the-fly" syntax checking information may be incorrect. [C:\Users\coe_user\Documents\ECE574_Local\homework\final\FinalProject.srcs\sources_1\new\top_module.sv:]
WARNING: [filemgmt 56-199] Attempt to get parsing info during refresh. "On-the-fly" syntax checking information may be incorrect. [C:\Users\coe_user\Documents\ECE574_Local\homework\final\FinalProject.srcs\sources_1\new\if_module.sv:]
WARNING: [filemgmt 56-199] Attempt to get parsing info during refresh. "On-the-fly" syntax checking information may be incorrect. [C:\Users\coe_user\Documents\ECE574_Local\homework\final\FinalProject.srcs\sources_1\new\ex_module.sv:]
WARNING: [filemgmt 56-199] Attempt to get parsing info during refresh. "On-the-fly" syntax checking information may be incorrect. [C:\Users\coe_user\Documents\ECE574_Local\homework\final\FinalProject.srcs\sources_1\new\top_module.sv:]
WARNING: [filemgmt 56-199] Attempt to get parsing info during refresh. "On-the-fly" syntax checking information may be incorrect. [C:\Users\coe_user\Documents\ECE574_Local\homework\final\FinalProject.srcs\sources_1\new\if_module.sv:]
WARNING: [filemgmt 56-199] Attempt to get parsing info during refresh. "On-the-fly" syntax checking information may be incorrect. [C:\Users\coe_user\Documents\ECE574_Local\homework\final\FinalProject.srcs\sources_1\new\ex_module.sv:]
WARNING: [filemgmt 56-199] Attempt to get parsing info during refresh. "On-the-fly" syntax checking information may be incorrect. [C:\Users\coe_user\Documents\ECE574_Local\homework\final\FinalProject.srcs\sources_1\new\top_module.sv:]
WARNING: [filemgmt 56-199] Attempt to get parsing info during refresh. "On-the-fly" syntax checking information may be incorrect. [C:\Users\coe_user\Documents\ECE574_Local\homework\final\FinalProject.srcs\sources_1\new\if_module.sv:]
WARNING: [filemgmt 56-199] Attempt to get parsing info during refresh. "On-the-fly" syntax checking information may be incorrect. [C:\Users\coe_user\Documents\ECE574_Local\homework\final\FinalProject.srcs\sources_1\new\ex_module.sv:]
WARNING: [filemgmt 56-199] Attempt to get parsing info during refresh. "On-the-fly" syntax checking information may be incorrect. [C:\Users\coe_user\Documents\ECE574_Local\homework\final\FinalProject.srcs\sources_1\new\top_module.sv:]
WARNING: [filemgmt 56-199] Attempt to get parsing info during refresh. "On-the-fly" syntax checking information may be incorrect. [C:\Users\coe_user\Documents\ECE574_Local\homework\final\FinalProject.srcs\sources_1\new\if_module.sv:]
WARNING: [filemgmt 56-199] Attempt to get parsing info during refresh. "On-the-fly" syntax checking information may be incorrect. [C:\Users\coe_user\Documents\ECE574_Local\homework\final\FinalProject.srcs\sources_1\new\ex_module.sv:]
WARNING: [filemgmt 56-199] Attempt to get parsing info during refresh. "On-the-fly" syntax checking information may be incorrect. [C:\Users\coe_user\Documents\ECE574_Local\homework\final\FinalProject.srcs\sources_1\new\top_module.sv:]
close_sim
INFO: [Simtcl 6-16] Simulation closed
exit
INFO: [Common 17-206] Exiting Vivado at Thu Jun  6 14:30:33 2024...
