Time resolution is 1 ps
 Block Memory Generator module loading initial data...
 Block Memory Generator data initialization complete.
Block Memory Generator module tb_top_module.uut.ex_module.data_mem.inst.\native_mem_module.blk_mem_gen_v8_4_7_inst  is using a behavioral model for simulation which will not precisely model memory collision behavior.
 Block Memory Generator module loading initial data...
 Block Memory Generator data initialization complete.
Block Memory Generator module tb_top_module.uut.if_module.prog_mem.inst.\native_mem_module.blk_mem_gen_v8_4_7_inst  is using a behavioral model for simulation which will not precisely model memory collision behavior.
At time                15000, wen:     x
At time                25000, wen:     1
At time                35000, wen:     1
At time                45000, wen:     2
At time                55000, wen:     4
At time                65000, wen:     8
At time                75000, wen:    16
At time                85000, wen:    32
At time                95000, wen:    64
At time               105000, wen:   128
At time               115000, wen:     2
At time               125000, wen:     4
At time               135000, wen:     8
At time               145000, wen:    16
At time               155000, wen:    32
At time               165000, wen:    64
At time               175000, wen:     4
At time               185000, wen:     1
At time               195000, wen:     2
At time               205000, wen:     1
At time               215000, wen:     1
At time               225000, wen:     1
At time               235000, wen:     1
At time               245000, wen:     1
At time               255000, wen:     1
At time               265000, wen:     1
At time               275000, wen:     1
At time               285000, wen:     1
At time               295000, wen:     1
At time               305000, wen:     2
$finish called at time : 310 ns : File "C:/Users/coe_user/Documents/ECE574_Local/homework/final/FinalProject.srcs/sim_1/new/tb_top_module.sv" Line 53
